<?xml version="1.0" encoding="UTF-8"?>
<!-- Generated by org.testng.reporters.JUnitXMLReporter -->
<testsuite ignored="0" hostname="DESKTOP-TCJEROD" failures="1" tests="5" name="Default test" time="34.614" errors="0" timestamp="2025-05-09T13:48:13 PDT">
  <testcase classname="io.cucumber.testng.AbstractTestNGCucumberTests" name="runScenario" time="8.703"/>
  <testcase classname="io.cucumber.testng.AbstractTestNGCucumberTests" name="runScenario" time="6.994">
    <failure type="org.openqa.selenium.ElementClickInterceptedException" message="element click intercepted: Element &amp;lt;input type=&amp;quot;submit&amp;quot; value=&amp;quot;Login&amp;quot;&amp;gt; is not clickable at point (1153, 127). Other element would receive the click: &amp;lt;iframe scrolling=&amp;quot;no&amp;quot; frameborder=&amp;quot;0&amp;quot; src=&amp;quot;https://gc.kis.v2.scr.kaspersky-labs.com/E3E8934C-235A-4B0E-825A-35A08381A191/kpm/kpm_promo_balloon.html?cssSrc=https%3A%2F%2Fgc.kis.v2.scr.kaspersky-labs.com%2FE3E8934C-235A-4B0E-825A-35A08381A191%2Fkpm%2Ftooltip.css&amp;quot; style=&amp;quot;border: 0px; height: 50px; width: 48px; left: 1121px; top: 102px; z-index: 2147483647; position: absolute;&amp;quot;&amp;gt;&amp;lt;/iframe&amp;gt;
  (Session info: chrome=136.0.7103.93)
Build info: version: &amp;apos;4.29.0&amp;apos;, revision: &amp;apos;5fc1ec94cb&amp;apos;
System info: os.name: &amp;apos;Windows 10&amp;apos;, os.arch: &amp;apos;amd64&amp;apos;, os.version: &amp;apos;10.0&amp;apos;, java.version: &amp;apos;23.0.2&amp;apos;
Driver info: org.openqa.selenium.chrome.ChromeDriver
Command: [06a9acb442013ee3f6f899f3e8ed2a85, clickElement {id=f.8E31CB110472166E62ED75A6E5E2E1F0.d.ED494A5256C4A6B58924513C97583E89.e.13}]
Capabilities {acceptInsecureCerts: false, browserName: chrome, browserVersion: 136.0.7103.93, chrome: {chromedriverVersion: 136.0.7103.92 (cb81a4cc5087..., userDataDir: C:\Users\Kruthi\AppData\Loc...}, fedcm:accounts: true, goog:chromeOptions: {debuggerAddress: localhost:61947}, networkConnectionEnabled: false, pageLoadStrategy: normal, platformName: windows, proxy: Proxy(), se:cdp: ws://localhost:61947/devtoo..., se:cdpVersion: 136.0.7103.93, setWindowRect: true, strictFileInteractability: false, timeouts: {implicit: 0, pageLoad: 300000, script: 30000}, unhandledPromptBehavior: dismiss and notify, webauthn:extension:credBlob: true, webauthn:extension:largeBlob: true, webauthn:extension:minPinLength: true, webauthn:extension:prf: true, webauthn:virtualAuthenticators: true}
Element: [[ChromeDriver: chrome on windows (06a9acb442013ee3f6f899f3e8ed2a85)] -&amp;gt; xpath: //input[@value=&amp;apos;Login&amp;apos;]]
Session ID: 06a9acb442013ee3f6f899f3e8ed2a85">
      <![CDATA[org.openqa.selenium.ElementClickInterceptedException: element click intercepted: Element <input type="submit" value="Login"> is not clickable at point (1153, 127). Other element would receive the click: <iframe scrolling="no" frameborder="0" src="https://gc.kis.v2.scr.kaspersky-labs.com/E3E8934C-235A-4B0E-825A-35A08381A191/kpm/kpm_promo_balloon.html?cssSrc=https%3A%2F%2Fgc.kis.v2.scr.kaspersky-labs.com%2FE3E8934C-235A-4B0E-825A-35A08381A191%2Fkpm%2Ftooltip.css" style="border: 0px; height: 50px; width: 48px; left: 1121px; top: 102px; z-index: 2147483647; position: absolute;"></iframe>
  (Session info: chrome=136.0.7103.93)
Build info: version: '4.29.0', revision: '5fc1ec94cb'
System info: os.name: 'Windows 10', os.arch: 'amd64', os.version: '10.0', java.version: '23.0.2'
Driver info: org.openqa.selenium.chrome.ChromeDriver
Command: [06a9acb442013ee3f6f899f3e8ed2a85, clickElement {id=f.8E31CB110472166E62ED75A6E5E2E1F0.d.ED494A5256C4A6B58924513C97583E89.e.13}]
Capabilities {acceptInsecureCerts: false, browserName: chrome, browserVersion: 136.0.7103.93, chrome: {chromedriverVersion: 136.0.7103.92 (cb81a4cc5087..., userDataDir: C:\Users\Kruthi\AppData\Loc...}, fedcm:accounts: true, goog:chromeOptions: {debuggerAddress: localhost:61947}, networkConnectionEnabled: false, pageLoadStrategy: normal, platformName: windows, proxy: Proxy(), se:cdp: ws://localhost:61947/devtoo..., se:cdpVersion: 136.0.7103.93, setWindowRect: true, strictFileInteractability: false, timeouts: {implicit: 0, pageLoad: 300000, script: 30000}, unhandledPromptBehavior: dismiss and notify, webauthn:extension:credBlob: true, webauthn:extension:largeBlob: true, webauthn:extension:minPinLength: true, webauthn:extension:prf: true, webauthn:virtualAuthenticators: true}
Element: [[ChromeDriver: chrome on windows (06a9acb442013ee3f6f899f3e8ed2a85)] -> xpath: //input[@value='Login']]
Session ID: 06a9acb442013ee3f6f899f3e8ed2a85
at java.base/jdk.internal.reflect.DirectConstructorHandleAccessor.newInstance(DirectConstructorHandleAccessor.java:62)
at java.base/java.lang.reflect.Constructor.newInstanceWithCaller(Constructor.java:501)
at java.base/java.lang.reflect.Constructor.newInstance(Constructor.java:485)
at org.openqa.selenium.remote.ErrorCodec.decode(ErrorCodec.java:167)
at org.openqa.selenium.remote.codec.w3c.W3CHttpResponseCodec.decode(W3CHttpResponseCodec.java:138)
at org.openqa.selenium.remote.codec.w3c.W3CHttpResponseCodec.decode(W3CHttpResponseCodec.java:50)
at org.openqa.selenium.remote.HttpCommandExecutor.execute(HttpCommandExecutor.java:215)
at org.openqa.selenium.remote.service.DriverCommandExecutor.invokeExecute(DriverCommandExecutor.java:216)
at org.openqa.selenium.remote.service.DriverCommandExecutor.execute(DriverCommandExecutor.java:174)
at org.openqa.selenium.remote.RemoteWebDriver.execute(RemoteWebDriver.java:545)
at org.openqa.selenium.remote.RemoteWebElement.execute(RemoteWebElement.java:223)
at org.openqa.selenium.remote.RemoteWebElement.click(RemoteWebElement.java:76)
at java.base/jdk.internal.reflect.DirectMethodHandleAccessor.invoke(DirectMethodHandleAccessor.java:103)
at java.base/java.lang.reflect.Method.invoke(Method.java:580)
at org.openqa.selenium.support.pagefactory.internal.LocatingElementHandler.invoke(LocatingElementHandler.java:51)
at jdk.proxy2/jdk.proxy2.$Proxy39.click(Unknown Source)
at pageObject.LoginPF.login_button(LoginPF.java:97)
at pageObject.LoginPF.clickLoginwithoutusername(LoginPF.java:120)
at stepDefinitions.LoginSteps.the_user_leave_the_username_field_empty_and_click_login(LoginSteps.java:72)
at ✽.The user leave the username field empty and click login(file:///C:/Users/Kruthi/dsAlgo2025/Ds-Algo2025/src/test/resources/Feature/Login.feature:14)
]]>
    </failure>
  </testcase> <!-- runScenario -->
  <testcase classname="io.cucumber.testng.AbstractTestNGCucumberTests" name="runScenario" time="5.303"/>
  <testcase classname="io.cucumber.testng.AbstractTestNGCucumberTests" name="runScenario" time="7.036"/>
  <testcase classname="io.cucumber.testng.AbstractTestNGCucumberTests" name="runScenario" time="5.634"/>
</testsuite> <!-- Default test -->
