<?xml version="1.0" encoding="UTF-8"?>
<testng-results ignored="0" total="190" passed="175" failed="15" skipped="0">
  <reporter-output>
  </reporter-output>
  <suite started-at="2025-05-11T10:24:28 PDT" name="Default suite" finished-at="2025-05-11T10:46:57 PDT" duration-ms="1349082">
    <groups>
      <group name="cucumber">
        <method signature="AbstractTestNGCucumberTests.runScenario(io.cucumber.testng.PickleWrapper,io.cucumber.testng.FeatureWrapper)[pri:0, instance:testRunner.DsalgoRunner@2525ff7e]" name="runScenario" class="io.cucumber.testng.AbstractTestNGCucumberTests"/>
      </group> <!-- cucumber -->
    </groups>
    <test started-at="2025-05-11T10:24:28 PDT" name="Default test" finished-at="2025-05-11T10:46:57 PDT" duration-ms="1349082">
      <class name="testRunner.DsalgoRunner">
        <test-method is-config="true" signature="setUpClass(org.testng.ITestContext)[pri:0, instance:testRunner.DsalgoRunner@2525ff7e]" started-at="2025-05-11T10:24:28 PDT" name="setUpClass" finished-at="2025-05-11T10:24:30 PDT" duration-ms="1553" status="PASS">
          <params>
            <param index="0">
              <value>
                <![CDATA[org.testng.TestRunner@45623380]]>
              </value>
            </param>
          </params>
          <reporter-output>
          </reporter-output>
        </test-method> <!-- setUpClass -->
        <test-method signature="runScenario(io.cucumber.testng.PickleWrapper,io.cucumber.testng.FeatureWrapper)[pri:0, instance:testRunner.DsalgoRunner@2525ff7e]" started-at="2025-05-11T10:24:30 PDT" name="runScenario" description="Runs Cucumber Scenarios" data-provider="scenarios" finished-at="2025-05-11T10:24:38 PDT" duration-ms="8843" status="PASS">
          <params>
            <param index="0">
              <value>
                <![CDATA["Verify that user is able to navigate to "Arrays in Python" page"]]>
              </value>
            </param>
            <param index="1">
              <value>
                <![CDATA["Arrays PracticeQuestion"]]>
              </value>
            </param>
          </params>
          <reporter-output>
          </reporter-output>
        </test-method> <!-- runScenario -->
        <test-method signature="runScenario(io.cucumber.testng.PickleWrapper,io.cucumber.testng.FeatureWrapper)[pri:0, instance:testRunner.DsalgoRunner@2525ff7e]" started-at="2025-05-11T10:24:38 PDT" name="runScenario" description="Runs Cucumber Scenarios" data-provider="scenarios" finished-at="2025-05-11T10:24:48 PDT" duration-ms="9611" status="PASS">
          <params>
            <param index="0">
              <value>
                <![CDATA["Verify that the user is able to scroll down and click Try Here button"]]>
              </value>
            </param>
            <param index="1">
              <value>
                <![CDATA["Arrays PracticeQuestion"]]>
              </value>
            </param>
          </params>
          <reporter-output>
          </reporter-output>
        </test-method> <!-- runScenario -->
        <test-method signature="runScenario(io.cucumber.testng.PickleWrapper,io.cucumber.testng.FeatureWrapper)[pri:0, instance:testRunner.DsalgoRunner@2525ff7e]" started-at="2025-05-11T10:24:48 PDT" name="runScenario" description="Runs Cucumber Scenarios" data-provider="scenarios" finished-at="2025-05-11T10:24:56 PDT" duration-ms="7775" status="FAIL">
          <params>
            <param index="0">
              <value>
                <![CDATA["Verify that user receives error when click on Run button without entering code for "Arrays in Python" page"]]>
              </value>
            </param>
            <param index="1">
              <value>
                <![CDATA["Arrays PracticeQuestion"]]>
              </value>
            </param>
          </params>
          <exception class="java.lang.AssertionError">
            <message>
              <![CDATA[Bug: No alert displayed when clicking Run without entering code.]]>
            </message>
            <full-stacktrace>
              <![CDATA[java.lang.AssertionError: Bug: No alert displayed when clicking Run without entering code.
at org.testng.Assert.fail(Assert.java:111)
at stepDefinitions.ArraysStep.the_user_should_see_an_error_message_in_alert_window(ArraysStep.java:113)
at ✽.The user should see an error message in alert window(file:///C:/Users/Kruthi/dsAlgo2025/Ds-Algo2025/src/test/resources/Feature/Arrays.feature:22)
]]>
            </full-stacktrace>
          </exception> <!-- java.lang.AssertionError -->
          <reporter-output>
          </reporter-output>
        </test-method> <!-- runScenario -->
        <test-method signature="runScenario(io.cucumber.testng.PickleWrapper,io.cucumber.testng.FeatureWrapper)[pri:0, instance:testRunner.DsalgoRunner@2525ff7e]" started-at="2025-05-11T10:24:56 PDT" name="runScenario" description="Runs Cucumber Scenarios" data-provider="scenarios" finished-at="2025-05-11T10:25:07 PDT" duration-ms="11235" status="PASS">
          <params>
            <param index="0">
              <value>
                <![CDATA["Verify that user receives error for invalid python code for "Arrays in Python" page"]]>
              </value>
            </param>
            <param index="1">
              <value>
                <![CDATA["Arrays PracticeQuestion"]]>
              </value>
            </param>
          </params>
          <reporter-output>
          </reporter-output>
        </test-method> <!-- runScenario -->
        <test-method signature="runScenario(io.cucumber.testng.PickleWrapper,io.cucumber.testng.FeatureWrapper)[pri:0, instance:testRunner.DsalgoRunner@2525ff7e]" started-at="2025-05-11T10:25:07 PDT" name="runScenario" description="Runs Cucumber Scenarios" data-provider="scenarios" finished-at="2025-05-11T10:25:16 PDT" duration-ms="9240" status="PASS">
          <params>
            <param index="0">
              <value>
                <![CDATA["Verify that user is able to see output for valid python code for "Arrays in Python" page"]]>
              </value>
            </param>
            <param index="1">
              <value>
                <![CDATA["Arrays PracticeQuestion"]]>
              </value>
            </param>
          </params>
          <reporter-output>
          </reporter-output>
        </test-method> <!-- runScenario -->
        <test-method signature="runScenario(io.cucumber.testng.PickleWrapper,io.cucumber.testng.FeatureWrapper)[pri:0, instance:testRunner.DsalgoRunner@2525ff7e]" started-at="2025-05-11T10:25:16 PDT" name="runScenario" description="Runs Cucumber Scenarios" data-provider="scenarios" finished-at="2025-05-11T10:25:24 PDT" duration-ms="7249" status="PASS">
          <params>
            <param index="0">
              <value>
                <![CDATA["Verify that user is able to navigate to "Practice Questions" Page for "Arrays in Python" page"]]>
              </value>
            </param>
            <param index="1">
              <value>
                <![CDATA["Arrays PracticeQuestion"]]>
              </value>
            </param>
          </params>
          <reporter-output>
          </reporter-output>
        </test-method> <!-- runScenario -->
        <test-method signature="runScenario(io.cucumber.testng.PickleWrapper,io.cucumber.testng.FeatureWrapper)[pri:0, instance:testRunner.DsalgoRunner@2525ff7e]" started-at="2025-05-11T10:25:24 PDT" name="runScenario" description="Runs Cucumber Scenarios" data-provider="scenarios" finished-at="2025-05-11T10:25:32 PDT" duration-ms="7973" status="PASS">
          <params>
            <param index="0">
              <value>
                <![CDATA["Verify that user is able to navigate to a question page from Practice Question page of "Arrays in Python""]]>
              </value>
            </param>
            <param index="1">
              <value>
                <![CDATA["Arrays PracticeQuestion"]]>
              </value>
            </param>
          </params>
          <reporter-output>
          </reporter-output>
        </test-method> <!-- runScenario -->
        <test-method signature="runScenario(io.cucumber.testng.PickleWrapper,io.cucumber.testng.FeatureWrapper)[pri:0, instance:testRunner.DsalgoRunner@2525ff7e]" started-at="2025-05-11T10:25:32 PDT" name="runScenario" description="Runs Cucumber Scenarios" data-provider="scenarios" finished-at="2025-05-11T10:25:41 PDT" duration-ms="9479" status="PASS">
          <params>
            <param index="0">
              <value>
                <![CDATA["Verify that user is able to navigate to a question page from Practice Question page of "Arrays in Python""]]>
              </value>
            </param>
            <param index="1">
              <value>
                <![CDATA["Arrays PracticeQuestion"]]>
              </value>
            </param>
          </params>
          <reporter-output>
          </reporter-output>
        </test-method> <!-- runScenario -->
        <test-method signature="runScenario(io.cucumber.testng.PickleWrapper,io.cucumber.testng.FeatureWrapper)[pri:0, instance:testRunner.DsalgoRunner@2525ff7e]" started-at="2025-05-11T10:25:41 PDT" name="runScenario" description="Runs Cucumber Scenarios" data-provider="scenarios" finished-at="2025-05-11T10:25:51 PDT" duration-ms="9544" status="PASS">
          <params>
            <param index="0">
              <value>
                <![CDATA["Verify that user is able to navigate to a question page from Practice Question page of "Arrays in Python""]]>
              </value>
            </param>
            <param index="1">
              <value>
                <![CDATA["Arrays PracticeQuestion"]]>
              </value>
            </param>
          </params>
          <reporter-output>
          </reporter-output>
        </test-method> <!-- runScenario -->
        <test-method signature="runScenario(io.cucumber.testng.PickleWrapper,io.cucumber.testng.FeatureWrapper)[pri:0, instance:testRunner.DsalgoRunner@2525ff7e]" started-at="2025-05-11T10:25:51 PDT" name="runScenario" description="Runs Cucumber Scenarios" data-provider="scenarios" finished-at="2025-05-11T10:25:58 PDT" duration-ms="7957" status="PASS">
          <params>
            <param index="0">
              <value>
                <![CDATA["Verify that user is able to navigate to a question page from Practice Question page of "Arrays in Python""]]>
              </value>
            </param>
            <param index="1">
              <value>
                <![CDATA["Arrays PracticeQuestion"]]>
              </value>
            </param>
          </params>
          <reporter-output>
          </reporter-output>
        </test-method> <!-- runScenario -->
        <test-method signature="runScenario(io.cucumber.testng.PickleWrapper,io.cucumber.testng.FeatureWrapper)[pri:0, instance:testRunner.DsalgoRunner@2525ff7e]" started-at="2025-05-11T10:25:58 PDT" name="runScenario" description="Runs Cucumber Scenarios" data-provider="scenarios" finished-at="2025-05-11T10:26:09 PDT" duration-ms="10252" status="PASS">
          <params>
            <param index="0">
              <value>
                <![CDATA["Verify that user receives error for invalid python code on running "Search the array" question"]]>
              </value>
            </param>
            <param index="1">
              <value>
                <![CDATA["Arrays PracticeQuestion"]]>
              </value>
            </param>
          </params>
          <reporter-output>
          </reporter-output>
        </test-method> <!-- runScenario -->
        <test-method signature="runScenario(io.cucumber.testng.PickleWrapper,io.cucumber.testng.FeatureWrapper)[pri:0, instance:testRunner.DsalgoRunner@2525ff7e]" started-at="2025-05-11T10:26:09 PDT" name="runScenario" description="Runs Cucumber Scenarios" data-provider="scenarios" finished-at="2025-05-11T10:26:18 PDT" duration-ms="9633" status="PASS">
          <params>
            <param index="0">
              <value>
                <![CDATA["Verify that user is able to run valid python code for "Search the array" question"]]>
              </value>
            </param>
            <param index="1">
              <value>
                <![CDATA["Arrays PracticeQuestion"]]>
              </value>
            </param>
          </params>
          <reporter-output>
          </reporter-output>
        </test-method> <!-- runScenario -->
        <test-method signature="runScenario(io.cucumber.testng.PickleWrapper,io.cucumber.testng.FeatureWrapper)[pri:0, instance:testRunner.DsalgoRunner@2525ff7e]" started-at="2025-05-11T10:26:18 PDT" name="runScenario" description="Runs Cucumber Scenarios" data-provider="scenarios" finished-at="2025-05-11T10:26:29 PDT" duration-ms="10924" status="PASS">
          <params>
            <param index="0">
              <value>
                <![CDATA["Verify that user receives error on submitting invalid python code for "Search the array" question"]]>
              </value>
            </param>
            <param index="1">
              <value>
                <![CDATA["Arrays PracticeQuestion"]]>
              </value>
            </param>
          </params>
          <reporter-output>
          </reporter-output>
        </test-method> <!-- runScenario -->
        <test-method signature="runScenario(io.cucumber.testng.PickleWrapper,io.cucumber.testng.FeatureWrapper)[pri:0, instance:testRunner.DsalgoRunner@2525ff7e]" started-at="2025-05-11T10:26:29 PDT" name="runScenario" description="Runs Cucumber Scenarios" data-provider="scenarios" finished-at="2025-05-11T10:26:38 PDT" duration-ms="8960" status="FAIL">
          <params>
            <param index="0">
              <value>
                <![CDATA["Verify that user receives Success message on submitting valid python code for "Search the array" question"]]>
              </value>
            </param>
            <param index="1">
              <value>
                <![CDATA["Arrays PracticeQuestion"]]>
              </value>
            </param>
          </params>
          <exception class="java.lang.AssertionError">
            <message>
              <![CDATA[BUG: Expected message 'Submission Successful' but got: 'Some Tests failed. Please review code' expected [true] but found [false]]]>
            </message>
            <full-stacktrace>
              <![CDATA[java.lang.AssertionError: BUG: Expected message 'Submission Successful' but got: 'Some Tests failed. Please review code' expected [true] but found [false]
at org.testng.Assert.fail(Assert.java:111)
at org.testng.Assert.failNotEquals(Assert.java:1590)
at org.testng.Assert.assertTrue(Assert.java:57)
at stepDefinitions.ArraysStep.the_user_gets_success_message_submission_successful_in_the_console(ArraysStep.java:288)
at ✽.The user gets success message Submission successful in the console(file:///C:/Users/Kruthi/dsAlgo2025/Ds-Algo2025/src/test/resources/Feature/Arrays.feature:69)
]]>
            </full-stacktrace>
          </exception> <!-- java.lang.AssertionError -->
          <reporter-output>
          </reporter-output>
        </test-method> <!-- runScenario -->
        <test-method signature="runScenario(io.cucumber.testng.PickleWrapper,io.cucumber.testng.FeatureWrapper)[pri:0, instance:testRunner.DsalgoRunner@2525ff7e]" started-at="2025-05-11T10:26:38 PDT" name="runScenario" description="Runs Cucumber Scenarios" data-provider="scenarios" finished-at="2025-05-11T10:26:48 PDT" duration-ms="9800" status="PASS">
          <params>
            <param index="0">
              <value>
                <![CDATA["Verify that user receives error for invalid python code on running Search the array question"]]>
              </value>
            </param>
            <param index="1">
              <value>
                <![CDATA["Arrays PracticeQuestion"]]>
              </value>
            </param>
          </params>
          <reporter-output>
          </reporter-output>
        </test-method> <!-- runScenario -->
        <test-method signature="runScenario(io.cucumber.testng.PickleWrapper,io.cucumber.testng.FeatureWrapper)[pri:0, instance:testRunner.DsalgoRunner@2525ff7e]" started-at="2025-05-11T10:26:48 PDT" name="runScenario" description="Runs Cucumber Scenarios" data-provider="scenarios" finished-at="2025-05-11T10:26:52 PDT" duration-ms="4184" status="FAIL">
          <params>
            <param index="0">
              <value>
                <![CDATA["Verify that user is able to run valid python code for Max Consecutive Ones question"]]>
              </value>
            </param>
            <param index="1">
              <value>
                <![CDATA["Arrays PracticeQuestion"]]>
              </value>
            </param>
          </params>
          <exception class="org.openqa.selenium.StaleElementReferenceException">
            <message>
              <![CDATA[stale element reference: stale element not found
  (Session info: chrome=136.0.7103.93)
For documentation on this error, please visit: https://www.selenium.dev/documentation/webdriver/troubleshooting/errors#stale-element-reference-exception
Build info: version: '4.29.0', revision: '5fc1ec94cb'
System info: os.name: 'Windows 10', os.arch: 'amd64', os.version: '10.0', java.version: '23.0.2'
Driver info: org.openqa.selenium.chrome.ChromeDriver
Command: [11c63deaa82b4eaa3a1e58fdf33f330f, actions {actions=[org.openqa.selenium.interactions.Sequence@106387cf]}]
Capabilities {acceptInsecureCerts: false, browserName: chrome, browserVersion: 136.0.7103.93, chrome: {chromedriverVersion: 136.0.7103.92 (cb81a4cc5087..., userDataDir: C:\Users\Kruthi\AppData\Loc...}, fedcm:accounts: true, goog:chromeOptions: {debuggerAddress: localhost:49453}, networkConnectionEnabled: false, pageLoadStrategy: normal, platformName: windows, proxy: Proxy(), se:cdp: ws://localhost:49453/devtoo..., se:cdpVersion: 136.0.7103.93, setWindowRect: true, strictFileInteractability: false, timeouts: {implicit: 0, pageLoad: 300000, script: 30000}, unhandledPromptBehavior: dismiss and notify, webauthn:extension:credBlob: true, webauthn:extension:largeBlob: true, webauthn:extension:minPinLength: true, webauthn:extension:prf: true, webauthn:virtualAuthenticators: true}
Session ID: 11c63deaa82b4eaa3a1e58fdf33f330f]]>
            </message>
            <full-stacktrace>
              <![CDATA[org.openqa.selenium.StaleElementReferenceException: stale element reference: stale element not found
  (Session info: chrome=136.0.7103.93)
For documentation on this error, please visit: https://www.selenium.dev/documentation/webdriver/troubleshooting/errors#stale-element-reference-exception
Build info: version: '4.29.0', revision: '5fc1ec94cb'
System info: os.name: 'Windows 10', os.arch: 'amd64', os.version: '10.0', java.version: '23.0.2'
Driver info: org.openqa.selenium.chrome.ChromeDriver
Command: [11c63deaa82b4eaa3a1e58fdf33f330f, actions {actions=[org.openqa.selenium.interactions.Sequence@106387cf]}]
Capabilities {acceptInsecureCerts: false, browserName: chrome, browserVersion: 136.0.7103.93, chrome: {chromedriverVersion: 136.0.7103.92 (cb81a4cc5087..., userDataDir: C:\Users\Kruthi\AppData\Loc...}, fedcm:accounts: true, goog:chromeOptions: {debuggerAddress: localhost:49453}, networkConnectionEnabled: false, pageLoadStrategy: normal, platformName: windows, proxy: Proxy(), se:cdp: ws://localhost:49453/devtoo..., se:cdpVersion: 136.0.7103.93, setWindowRect: true, strictFileInteractability: false, timeouts: {implicit: 0, pageLoad: 300000, script: 30000}, unhandledPromptBehavior: dismiss and notify, webauthn:extension:credBlob: true, webauthn:extension:largeBlob: true, webauthn:extension:minPinLength: true, webauthn:extension:prf: true, webauthn:virtualAuthenticators: true}
Session ID: 11c63deaa82b4eaa3a1e58fdf33f330f
at java.base/jdk.internal.reflect.DirectConstructorHandleAccessor.newInstance(DirectConstructorHandleAccessor.java:62)
at java.base/java.lang.reflect.Constructor.newInstanceWithCaller(Constructor.java:501)
at java.base/java.lang.reflect.Constructor.newInstance(Constructor.java:485)
at org.openqa.selenium.remote.ErrorCodec.decode(ErrorCodec.java:167)
at org.openqa.selenium.remote.codec.w3c.W3CHttpResponseCodec.decode(W3CHttpResponseCodec.java:138)
at org.openqa.selenium.remote.codec.w3c.W3CHttpResponseCodec.decode(W3CHttpResponseCodec.java:50)
at org.openqa.selenium.remote.HttpCommandExecutor.execute(HttpCommandExecutor.java:215)
at org.openqa.selenium.remote.service.DriverCommandExecutor.invokeExecute(DriverCommandExecutor.java:216)
at org.openqa.selenium.remote.service.DriverCommandExecutor.execute(DriverCommandExecutor.java:174)
at org.openqa.selenium.remote.RemoteWebDriver.execute(RemoteWebDriver.java:545)
at org.openqa.selenium.remote.RemoteWebDriver.perform(RemoteWebDriver.java:631)
at org.openqa.selenium.interactions.Actions$BuiltAction.perform(Actions.java:616)
at org.openqa.selenium.interactions.Actions.perform(Actions.java:581)
at pageObject.ArraysPage.scrollAndClickDataStructuresDropdown(ArraysPage.java:139)
at stepDefinitions.ArraysStep.the_user_scrolls_down_to_the_data_structures_dropdown_and_selects_array(ArraysStep.java:47)
at ✽.The user scrolls down to the Data Structures dropdown and selects Array(file:///C:/Users/Kruthi/dsAlgo2025/Ds-Algo2025/src/test/resources/Feature/Arrays.feature:5)
]]>
            </full-stacktrace>
          </exception> <!-- org.openqa.selenium.StaleElementReferenceException -->
          <reporter-output>
          </reporter-output>
        </test-method> <!-- runScenario -->
        <test-method signature="runScenario(io.cucumber.testng.PickleWrapper,io.cucumber.testng.FeatureWrapper)[pri:0, instance:testRunner.DsalgoRunner@2525ff7e]" started-at="2025-05-11T10:26:52 PDT" name="runScenario" description="Runs Cucumber Scenarios" data-provider="scenarios" finished-at="2025-05-11T10:27:01 PDT" duration-ms="8525" status="PASS">
          <params>
            <param index="0">
              <value>
                <![CDATA["Verify that user receives error on submitting invalid python code for "Max Consecutive Ones" question"]]>
              </value>
            </param>
            <param index="1">
              <value>
                <![CDATA["Arrays PracticeQuestion"]]>
              </value>
            </param>
          </params>
          <reporter-output>
          </reporter-output>
        </test-method> <!-- runScenario -->
        <test-method signature="runScenario(io.cucumber.testng.PickleWrapper,io.cucumber.testng.FeatureWrapper)[pri:0, instance:testRunner.DsalgoRunner@2525ff7e]" started-at="2025-05-11T10:27:01 PDT" name="runScenario" description="Runs Cucumber Scenarios" data-provider="scenarios" finished-at="2025-05-11T10:27:11 PDT" duration-ms="10691" status="PASS">
          <params>
            <param index="0">
              <value>
                <![CDATA["Verify that user receives Success message on submitting valid python code for "Max Consecutive Ones" question"]]>
              </value>
            </param>
            <param index="1">
              <value>
                <![CDATA["Arrays PracticeQuestion"]]>
              </value>
            </param>
          </params>
          <reporter-output>
          </reporter-output>
        </test-method> <!-- runScenario -->
        <test-method signature="runScenario(io.cucumber.testng.PickleWrapper,io.cucumber.testng.FeatureWrapper)[pri:0, instance:testRunner.DsalgoRunner@2525ff7e]" started-at="2025-05-11T10:27:11 PDT" name="runScenario" description="Runs Cucumber Scenarios" data-provider="scenarios" finished-at="2025-05-11T10:27:21 PDT" duration-ms="9899" status="PASS">
          <params>
            <param index="0">
              <value>
                <![CDATA["Verify that user receives error for invalid python code on running Find Numbers with Even Number of Digits question"]]>
              </value>
            </param>
            <param index="1">
              <value>
                <![CDATA["Arrays PracticeQuestion"]]>
              </value>
            </param>
          </params>
          <reporter-output>
          </reporter-output>
        </test-method> <!-- runScenario -->
        <test-method signature="runScenario(io.cucumber.testng.PickleWrapper,io.cucumber.testng.FeatureWrapper)[pri:0, instance:testRunner.DsalgoRunner@2525ff7e]" started-at="2025-05-11T10:27:21 PDT" name="runScenario" description="Runs Cucumber Scenarios" data-provider="scenarios" finished-at="2025-05-11T10:27:31 PDT" duration-ms="9514" status="PASS">
          <params>
            <param index="0">
              <value>
                <![CDATA["Verify that user is able to run valid python code for Find Numbers with Even Number of Digits question"]]>
              </value>
            </param>
            <param index="1">
              <value>
                <![CDATA["Arrays PracticeQuestion"]]>
              </value>
            </param>
          </params>
          <reporter-output>
          </reporter-output>
        </test-method> <!-- runScenario -->
        <test-method signature="runScenario(io.cucumber.testng.PickleWrapper,io.cucumber.testng.FeatureWrapper)[pri:0, instance:testRunner.DsalgoRunner@2525ff7e]" started-at="2025-05-11T10:27:31 PDT" name="runScenario" description="Runs Cucumber Scenarios" data-provider="scenarios" finished-at="2025-05-11T10:27:42 PDT" duration-ms="10954" status="PASS">
          <params>
            <param index="0">
              <value>
                <![CDATA["Verify that user receives error on submitting invalid python code for Find Numbers with Even Number of Digits question"]]>
              </value>
            </param>
            <param index="1">
              <value>
                <![CDATA["Arrays PracticeQuestion"]]>
              </value>
            </param>
          </params>
          <reporter-output>
          </reporter-output>
        </test-method> <!-- runScenario -->
        <test-method signature="runScenario(io.cucumber.testng.PickleWrapper,io.cucumber.testng.FeatureWrapper)[pri:0, instance:testRunner.DsalgoRunner@2525ff7e]" started-at="2025-05-11T10:27:42 PDT" name="runScenario" description="Runs Cucumber Scenarios" data-provider="scenarios" finished-at="2025-05-11T10:27:53 PDT" duration-ms="11076" status="FAIL">
          <params>
            <param index="0">
              <value>
                <![CDATA["Verify that user receives Success message on submitting valid python code for Find Numbers with Even Number of Digits question"]]>
              </value>
            </param>
            <param index="1">
              <value>
                <![CDATA["Arrays PracticeQuestion"]]>
              </value>
            </param>
          </params>
          <exception class="java.lang.AssertionError">
            <message>
              <![CDATA[BUG: Expected message 'Submission Successful' but got: 'Error occurred during submission' expected [true] but found [false]]]>
            </message>
            <full-stacktrace>
              <![CDATA[java.lang.AssertionError: BUG: Expected message 'Submission Successful' but got: 'Error occurred during submission' expected [true] but found [false]
at org.testng.Assert.fail(Assert.java:111)
at org.testng.Assert.failNotEquals(Assert.java:1590)
at org.testng.Assert.assertTrue(Assert.java:57)
at stepDefinitions.ArraysStep.the_user_gets_success_message_submission_successful_in_the_console(ArraysStep.java:288)
at ✽.The user gets success message Submission successful in the console(file:///C:/Users/Kruthi/dsAlgo2025/Ds-Algo2025/src/test/resources/Feature/Arrays.feature:109)
]]>
            </full-stacktrace>
          </exception> <!-- java.lang.AssertionError -->
          <reporter-output>
          </reporter-output>
        </test-method> <!-- runScenario -->
        <test-method signature="runScenario(io.cucumber.testng.PickleWrapper,io.cucumber.testng.FeatureWrapper)[pri:0, instance:testRunner.DsalgoRunner@2525ff7e]" started-at="2025-05-11T10:27:53 PDT" name="runScenario" description="Runs Cucumber Scenarios" data-provider="scenarios" finished-at="2025-05-11T10:28:02 PDT" duration-ms="9171" status="PASS">
          <params>
            <param index="0">
              <value>
                <![CDATA["Verify that user receives error for invalid python code on running Squares of a Sorted Array question"]]>
              </value>
            </param>
            <param index="1">
              <value>
                <![CDATA["Arrays PracticeQuestion"]]>
              </value>
            </param>
          </params>
          <reporter-output>
          </reporter-output>
        </test-method> <!-- runScenario -->
        <test-method signature="runScenario(io.cucumber.testng.PickleWrapper,io.cucumber.testng.FeatureWrapper)[pri:0, instance:testRunner.DsalgoRunner@2525ff7e]" started-at="2025-05-11T10:28:02 PDT" name="runScenario" description="Runs Cucumber Scenarios" data-provider="scenarios" finished-at="2025-05-11T10:28:13 PDT" duration-ms="10475" status="PASS">
          <params>
            <param index="0">
              <value>
                <![CDATA["Verify that user is able to run valid python code for Squares of a Sorted Array question"]]>
              </value>
            </param>
            <param index="1">
              <value>
                <![CDATA["Arrays PracticeQuestion"]]>
              </value>
            </param>
          </params>
          <reporter-output>
          </reporter-output>
        </test-method> <!-- runScenario -->
        <test-method signature="runScenario(io.cucumber.testng.PickleWrapper,io.cucumber.testng.FeatureWrapper)[pri:0, instance:testRunner.DsalgoRunner@2525ff7e]" started-at="2025-05-11T10:28:13 PDT" name="runScenario" description="Runs Cucumber Scenarios" data-provider="scenarios" finished-at="2025-05-11T10:28:21 PDT" duration-ms="8617" status="FAIL">
          <params>
            <param index="0">
              <value>
                <![CDATA["Verify that user receives error on submitting invalid python code for Squares of a Sorted Array question"]]>
              </value>
            </param>
            <param index="1">
              <value>
                <![CDATA["Arrays PracticeQuestion"]]>
              </value>
            </param>
          </params>
          <exception class="java.lang.AssertionError">
            <message>
              <![CDATA[BUG: Expected message 'Error occurred' but got: 'No tests were collected' expected [true] but found [false]]]>
            </message>
            <full-stacktrace>
              <![CDATA[java.lang.AssertionError: BUG: Expected message 'Error occurred' but got: 'No tests were collected' expected [true] but found [false]
at org.testng.Assert.fail(Assert.java:111)
at org.testng.Assert.failNotEquals(Assert.java:1590)
at org.testng.Assert.assertTrue(Assert.java:57)
at stepDefinitions.ArraysStep.the_user_gets_error_message_error_occurred_during_submission_in_the_console(ArraysStep.java:269)
at ✽.The user gets error message Error occurred during submission in the console(file:///C:/Users/Kruthi/dsAlgo2025/Ds-Algo2025/src/test/resources/Feature/Arrays.feature:124)
]]>
            </full-stacktrace>
          </exception> <!-- java.lang.AssertionError -->
          <reporter-output>
          </reporter-output>
        </test-method> <!-- runScenario -->
        <test-method signature="runScenario(io.cucumber.testng.PickleWrapper,io.cucumber.testng.FeatureWrapper)[pri:0, instance:testRunner.DsalgoRunner@2525ff7e]" started-at="2025-05-11T10:28:21 PDT" name="runScenario" description="Runs Cucumber Scenarios" data-provider="scenarios" finished-at="2025-05-11T10:28:30 PDT" duration-ms="8778" status="FAIL">
          <params>
            <param index="0">
              <value>
                <![CDATA["Verify that user receives Success message on submitting valid python code for Squares of a Sorted Array question"]]>
              </value>
            </param>
            <param index="1">
              <value>
                <![CDATA["Arrays PracticeQuestion"]]>
              </value>
            </param>
          </params>
          <exception class="java.lang.AssertionError">
            <message>
              <![CDATA[BUG: Expected message 'Submission Successful' but got: 'No tests were collected' expected [true] but found [false]]]>
            </message>
            <full-stacktrace>
              <![CDATA[java.lang.AssertionError: BUG: Expected message 'Submission Successful' but got: 'No tests were collected' expected [true] but found [false]
at org.testng.Assert.fail(Assert.java:111)
at org.testng.Assert.failNotEquals(Assert.java:1590)
at org.testng.Assert.assertTrue(Assert.java:57)
at stepDefinitions.ArraysStep.the_user_gets_success_message_submission_successful_in_the_console(ArraysStep.java:288)
at ✽.The user gets success message Submission successful in the console(file:///C:/Users/Kruthi/dsAlgo2025/Ds-Algo2025/src/test/resources/Feature/Arrays.feature:129)
]]>
            </full-stacktrace>
          </exception> <!-- java.lang.AssertionError -->
          <reporter-output>
          </reporter-output>
        </test-method> <!-- runScenario -->
        <test-method signature="runScenario(io.cucumber.testng.PickleWrapper,io.cucumber.testng.FeatureWrapper)[pri:0, instance:testRunner.DsalgoRunner@2525ff7e]" started-at="2025-05-11T10:28:30 PDT" name="runScenario" description="Runs Cucumber Scenarios" data-provider="scenarios" finished-at="2025-05-11T10:28:36 PDT" duration-ms="5783" status="PASS">
          <params>
            <param index="0">
              <value>
                <![CDATA["Verify that user is able to navigate to "Arrays Using List" page"]]>
              </value>
            </param>
            <param index="1">
              <value>
                <![CDATA["Arrays PracticeQuestion"]]>
              </value>
            </param>
          </params>
          <reporter-output>
          </reporter-output>
        </test-method> <!-- runScenario -->
        <test-method signature="runScenario(io.cucumber.testng.PickleWrapper,io.cucumber.testng.FeatureWrapper)[pri:0, instance:testRunner.DsalgoRunner@2525ff7e]" started-at="2025-05-11T10:28:36 PDT" name="runScenario" description="Runs Cucumber Scenarios" data-provider="scenarios" finished-at="2025-05-11T10:28:44 PDT" duration-ms="8506" status="PASS">
          <params>
            <param index="0">
              <value>
                <![CDATA["Verify that the user is able to scroll down and click Try Here button"]]>
              </value>
            </param>
            <param index="1">
              <value>
                <![CDATA["Arrays PracticeQuestion"]]>
              </value>
            </param>
          </params>
          <reporter-output>
          </reporter-output>
        </test-method> <!-- runScenario -->
        <test-method signature="runScenario(io.cucumber.testng.PickleWrapper,io.cucumber.testng.FeatureWrapper)[pri:0, instance:testRunner.DsalgoRunner@2525ff7e]" started-at="2025-05-11T10:28:44 PDT" name="runScenario" description="Runs Cucumber Scenarios" data-provider="scenarios" finished-at="2025-05-11T10:28:51 PDT" duration-ms="6699" status="PASS">
          <params>
            <param index="0">
              <value>
                <![CDATA["Verify that user is able to navigate to "Practice Questions" Page for "Arrays Using List" page"]]>
              </value>
            </param>
            <param index="1">
              <value>
                <![CDATA["Arrays PracticeQuestion"]]>
              </value>
            </param>
          </params>
          <reporter-output>
          </reporter-output>
        </test-method> <!-- runScenario -->
        <test-method signature="runScenario(io.cucumber.testng.PickleWrapper,io.cucumber.testng.FeatureWrapper)[pri:0, instance:testRunner.DsalgoRunner@2525ff7e]" started-at="2025-05-11T10:28:51 PDT" name="runScenario" description="Runs Cucumber Scenarios" data-provider="scenarios" finished-at="2025-05-11T10:28:57 PDT" duration-ms="5884" status="PASS">
          <params>
            <param index="0">
              <value>
                <![CDATA["Verify that user is able to navigate to "Basic Operations in List" page"]]>
              </value>
            </param>
            <param index="1">
              <value>
                <![CDATA["Arrays PracticeQuestion"]]>
              </value>
            </param>
          </params>
          <reporter-output>
          </reporter-output>
        </test-method> <!-- runScenario -->
        <test-method signature="runScenario(io.cucumber.testng.PickleWrapper,io.cucumber.testng.FeatureWrapper)[pri:0, instance:testRunner.DsalgoRunner@2525ff7e]" started-at="2025-05-11T10:28:57 PDT" name="runScenario" description="Runs Cucumber Scenarios" data-provider="scenarios" finished-at="2025-05-11T10:29:04 PDT" duration-ms="7320" status="PASS">
          <params>
            <param index="0">
              <value>
                <![CDATA["Verify that the user is able to scroll down and click Try Here button"]]>
              </value>
            </param>
            <param index="1">
              <value>
                <![CDATA["Arrays PracticeQuestion"]]>
              </value>
            </param>
          </params>
          <reporter-output>
          </reporter-output>
        </test-method> <!-- runScenario -->
        <test-method signature="runScenario(io.cucumber.testng.PickleWrapper,io.cucumber.testng.FeatureWrapper)[pri:0, instance:testRunner.DsalgoRunner@2525ff7e]" started-at="2025-05-11T10:29:04 PDT" name="runScenario" description="Runs Cucumber Scenarios" data-provider="scenarios" finished-at="2025-05-11T10:29:11 PDT" duration-ms="6630" status="PASS">
          <params>
            <param index="0">
              <value>
                <![CDATA["Verify that user is able to navigate to "Practice Questions" Page for "Basic Operations in List" page"]]>
              </value>
            </param>
            <param index="1">
              <value>
                <![CDATA["Arrays PracticeQuestion"]]>
              </value>
            </param>
          </params>
          <reporter-output>
          </reporter-output>
        </test-method> <!-- runScenario -->
        <test-method signature="runScenario(io.cucumber.testng.PickleWrapper,io.cucumber.testng.FeatureWrapper)[pri:0, instance:testRunner.DsalgoRunner@2525ff7e]" started-at="2025-05-11T10:29:11 PDT" name="runScenario" description="Runs Cucumber Scenarios" data-provider="scenarios" finished-at="2025-05-11T10:29:17 PDT" duration-ms="6189" status="PASS">
          <params>
            <param index="0">
              <value>
                <![CDATA["Verify that user is able to navigate to "Applications of Array" page"]]>
              </value>
            </param>
            <param index="1">
              <value>
                <![CDATA["Arrays PracticeQuestion"]]>
              </value>
            </param>
          </params>
          <reporter-output>
          </reporter-output>
        </test-method> <!-- runScenario -->
        <test-method signature="runScenario(io.cucumber.testng.PickleWrapper,io.cucumber.testng.FeatureWrapper)[pri:0, instance:testRunner.DsalgoRunner@2525ff7e]" started-at="2025-05-11T10:29:17 PDT" name="runScenario" description="Runs Cucumber Scenarios" data-provider="scenarios" finished-at="2025-05-11T10:29:25 PDT" duration-ms="8158" status="PASS">
          <params>
            <param index="0">
              <value>
                <![CDATA["Verify that the user is able to scroll down and click Try Here button"]]>
              </value>
            </param>
            <param index="1">
              <value>
                <![CDATA["Arrays PracticeQuestion"]]>
              </value>
            </param>
          </params>
          <reporter-output>
          </reporter-output>
        </test-method> <!-- runScenario -->
        <test-method signature="runScenario(io.cucumber.testng.PickleWrapper,io.cucumber.testng.FeatureWrapper)[pri:0, instance:testRunner.DsalgoRunner@2525ff7e]" started-at="2025-05-11T10:29:25 PDT" name="runScenario" description="Runs Cucumber Scenarios" data-provider="scenarios" finished-at="2025-05-11T10:29:32 PDT" duration-ms="6599" status="PASS">
          <params>
            <param index="0">
              <value>
                <![CDATA["Verify that user is able to navigate to "Practice Questions" Page for "Applications of Array" page"]]>
              </value>
            </param>
            <param index="1">
              <value>
                <![CDATA["Arrays PracticeQuestion"]]>
              </value>
            </param>
          </params>
          <reporter-output>
          </reporter-output>
        </test-method> <!-- runScenario -->
        <test-method signature="runScenario(io.cucumber.testng.PickleWrapper,io.cucumber.testng.FeatureWrapper)[pri:0, instance:testRunner.DsalgoRunner@2525ff7e]" started-at="2025-05-11T10:29:32 PDT" name="runScenario" description="Runs Cucumber Scenarios" data-provider="scenarios" finished-at="2025-05-11T10:29:37 PDT" duration-ms="4800" status="PASS">
          <params>
            <param index="0">
              <value>
                <![CDATA["Verify that user is able to navigate to "Data Structures - Introduction" page and see header secetion elements"]]>
              </value>
            </param>
            <param index="1">
              <value>
                <![CDATA["To test DataStructuresIntroduction functionality"]]>
              </value>
            </param>
          </params>
          <reporter-output>
          </reporter-output>
        </test-method> <!-- runScenario -->
        <test-method signature="runScenario(io.cucumber.testng.PickleWrapper,io.cucumber.testng.FeatureWrapper)[pri:0, instance:testRunner.DsalgoRunner@2525ff7e]" started-at="2025-05-11T10:29:37 PDT" name="runScenario" description="Runs Cucumber Scenarios" data-provider="scenarios" finished-at="2025-05-11T10:29:41 PDT" duration-ms="4897" status="PASS">
          <params>
            <param index="0">
              <value>
                <![CDATA["Verify that user is able to navigate to "Time Complexity" page"]]>
              </value>
            </param>
            <param index="1">
              <value>
                <![CDATA["To test DataStructuresIntroduction functionality"]]>
              </value>
            </param>
          </params>
          <reporter-output>
          </reporter-output>
        </test-method> <!-- runScenario -->
        <test-method signature="runScenario(io.cucumber.testng.PickleWrapper,io.cucumber.testng.FeatureWrapper)[pri:0, instance:testRunner.DsalgoRunner@2525ff7e]" started-at="2025-05-11T10:29:41 PDT" name="runScenario" description="Runs Cucumber Scenarios" data-provider="scenarios" finished-at="2025-05-11T10:29:47 PDT" duration-ms="5083" status="PASS">
          <params>
            <param index="0">
              <value>
                <![CDATA["Verify that user is able to navigate to "Practice" page"]]>
              </value>
            </param>
            <param index="1">
              <value>
                <![CDATA["To test DataStructuresIntroduction functionality"]]>
              </value>
            </param>
          </params>
          <reporter-output>
          </reporter-output>
        </test-method> <!-- runScenario -->
        <test-method signature="runScenario(io.cucumber.testng.PickleWrapper,io.cucumber.testng.FeatureWrapper)[pri:0, instance:testRunner.DsalgoRunner@2525ff7e]" started-at="2025-05-11T10:29:47 PDT" name="runScenario" description="Runs Cucumber Scenarios" data-provider="scenarios" finished-at="2025-05-11T10:29:53 PDT" duration-ms="6257" status="PASS">
          <params>
            <param index="0">
              <value>
                <![CDATA["Verify that user is able to navigate to "try Editor" page"]]>
              </value>
            </param>
            <param index="1">
              <value>
                <![CDATA["To test DataStructuresIntroduction functionality"]]>
              </value>
            </param>
          </params>
          <reporter-output>
          </reporter-output>
        </test-method> <!-- runScenario -->
        <test-method signature="runScenario(io.cucumber.testng.PickleWrapper,io.cucumber.testng.FeatureWrapper)[pri:0, instance:testRunner.DsalgoRunner@2525ff7e]" started-at="2025-05-11T10:29:53 PDT" name="runScenario" description="Runs Cucumber Scenarios" data-provider="scenarios" finished-at="2025-05-11T10:30:01 PDT" duration-ms="8602" status="FAIL">
          <params>
            <param index="0">
              <value>
                <![CDATA["Verify that user recieves error messgae on click on run button without entering code"]]>
              </value>
            </param>
            <param index="1">
              <value>
                <![CDATA["To test DataStructuresIntroduction functionality"]]>
              </value>
            </param>
          </params>
          <exception class="java.lang.AssertionError">
            <message>
              <![CDATA[expected [true] but found [false]]]>
            </message>
            <full-stacktrace>
              <![CDATA[java.lang.AssertionError: expected [true] but found [false]
at org.testng.Assert.fail(Assert.java:111)
at org.testng.Assert.failNotEquals(Assert.java:1590)
at org.testng.Assert.assertTrue(Assert.java:57)
at org.testng.Assert.assertTrue(Assert.java:67)
at stepDefinitions.DataStructuresSteps.user_should_see_the_error_message_in_alert_window(DataStructuresSteps.java:127)
at ✽.user should see the error message in alert window(file:///C:/Users/Kruthi/dsAlgo2025/Ds-Algo2025/src/test/resources/Feature/DataStructure.feature:31)
]]>
            </full-stacktrace>
          </exception> <!-- java.lang.AssertionError -->
          <reporter-output>
          </reporter-output>
        </test-method> <!-- runScenario -->
        <test-method signature="runScenario(io.cucumber.testng.PickleWrapper,io.cucumber.testng.FeatureWrapper)[pri:0, instance:testRunner.DsalgoRunner@2525ff7e]" started-at="2025-05-11T10:30:01 PDT" name="runScenario" description="Runs Cucumber Scenarios" data-provider="scenarios" finished-at="2025-05-11T10:30:10 PDT" duration-ms="8208" status="PASS">
          <params>
            <param index="0">
              <value>
                <![CDATA["Verify that user recieves error messgae on click on run button with incorrect code"]]>
              </value>
            </param>
            <param index="1">
              <value>
                <![CDATA["To test DataStructuresIntroduction functionality"]]>
              </value>
            </param>
          </params>
          <reporter-output>
          </reporter-output>
        </test-method> <!-- runScenario -->
        <test-method signature="runScenario(io.cucumber.testng.PickleWrapper,io.cucumber.testng.FeatureWrapper)[pri:0, instance:testRunner.DsalgoRunner@2525ff7e]" started-at="2025-05-11T10:30:10 PDT" name="runScenario" description="Runs Cucumber Scenarios" data-provider="scenarios" finished-at="2025-05-11T10:30:18 PDT" duration-ms="8662" status="FAIL">
          <params>
            <param index="0">
              <value>
                <![CDATA["Verify  that user canot perform any operations without clicking ok button on alert window"]]>
              </value>
            </param>
            <param index="1">
              <value>
                <![CDATA["To test DataStructuresIntroduction functionality"]]>
              </value>
            </param>
          </params>
          <exception class="java.lang.AssertionError">
            <message>
              <![CDATA[alert not present]]>
            </message>
            <full-stacktrace>
              <![CDATA[java.lang.AssertionError: alert not present
at org.testng.Assert.fail(Assert.java:111)
at stepDefinitions.DataStructuresSteps.user_should_see_alert_window_and_can_not_click_on_run_button(DataStructuresSteps.java:164)
at ✽.user should see alert window and can not click on run button(file:///C:/Users/Kruthi/dsAlgo2025/Ds-Algo2025/src/test/resources/Feature/DataStructure.feature:45)
]]>
            </full-stacktrace>
          </exception> <!-- java.lang.AssertionError -->
          <reporter-output>
          </reporter-output>
        </test-method> <!-- runScenario -->
        <test-method signature="runScenario(io.cucumber.testng.PickleWrapper,io.cucumber.testng.FeatureWrapper)[pri:0, instance:testRunner.DsalgoRunner@2525ff7e]" started-at="2025-05-11T10:30:18 PDT" name="runScenario" description="Runs Cucumber Scenarios" data-provider="scenarios" finished-at="2025-05-11T10:30:27 PDT" duration-ms="8833" status="PASS">
          <params>
            <param index="0">
              <value>
                <![CDATA["Verify that Python code runs and output matches expected"]]>
              </value>
            </param>
            <param index="1">
              <value>
                <![CDATA["To test DataStructuresIntroduction functionality"]]>
              </value>
            </param>
          </params>
          <reporter-output>
          </reporter-output>
        </test-method> <!-- runScenario -->
        <test-method signature="runScenario(io.cucumber.testng.PickleWrapper,io.cucumber.testng.FeatureWrapper)[pri:0, instance:testRunner.DsalgoRunner@2525ff7e]" started-at="2025-05-11T10:30:27 PDT" name="runScenario" description="Runs Cucumber Scenarios" data-provider="scenarios" finished-at="2025-05-11T10:30:36 PDT" duration-ms="8424" status="PASS">
          <params>
            <param index="0">
              <value>
                <![CDATA["Verify that user is able to navigate to "Time Complexity" page  by clicking browser back button"]]>
              </value>
            </param>
            <param index="1">
              <value>
                <![CDATA["To test DataStructuresIntroduction functionality"]]>
              </value>
            </param>
          </params>
          <reporter-output>
          </reporter-output>
        </test-method> <!-- runScenario -->
        <test-method signature="runScenario(io.cucumber.testng.PickleWrapper,io.cucumber.testng.FeatureWrapper)[pri:0, instance:testRunner.DsalgoRunner@2525ff7e]" started-at="2025-05-11T10:30:36 PDT" name="runScenario" description="Runs Cucumber Scenarios" data-provider="scenarios" finished-at="2025-05-11T10:30:41 PDT" duration-ms="5592" status="PASS">
          <params>
            <param index="0">
              <value>
                <![CDATA["Verify if user is able to navigate to Home page on clicking "SignOut " link"]]>
              </value>
            </param>
            <param index="1">
              <value>
                <![CDATA["To test DataStructuresIntroduction functionality"]]>
              </value>
            </param>
          </params>
          <reporter-output>
          </reporter-output>
        </test-method> <!-- runScenario -->
        <test-method signature="runScenario(io.cucumber.testng.PickleWrapper,io.cucumber.testng.FeatureWrapper)[pri:0, instance:testRunner.DsalgoRunner@2525ff7e]" started-at="2025-05-11T10:30:41 PDT" name="runScenario" description="Runs Cucumber Scenarios" data-provider="scenarios" finished-at="2025-05-11T10:30:47 PDT" duration-ms="5531" status="PASS">
          <params>
            <param index="0">
              <value>
                <![CDATA["Verify that user is on "Graph" page"]]>
              </value>
            </param>
            <param index="1">
              <value>
                <![CDATA["Graph feature in DSAlgo"]]>
              </value>
            </param>
          </params>
          <reporter-output>
          </reporter-output>
        </test-method> <!-- runScenario -->
        <test-method signature="runScenario(io.cucumber.testng.PickleWrapper,io.cucumber.testng.FeatureWrapper)[pri:0, instance:testRunner.DsalgoRunner@2525ff7e]" started-at="2025-05-11T10:30:47 PDT" name="runScenario" description="Runs Cucumber Scenarios" data-provider="scenarios" finished-at="2025-05-11T10:30:52 PDT" duration-ms="5427" status="PASS">
          <params>
            <param index="0">
              <value>
                <![CDATA["Verify that user is able to navigate to "Graph" page"]]>
              </value>
            </param>
            <param index="1">
              <value>
                <![CDATA["Graph feature in DSAlgo"]]>
              </value>
            </param>
          </params>
          <reporter-output>
          </reporter-output>
        </test-method> <!-- runScenario -->
        <test-method signature="runScenario(io.cucumber.testng.PickleWrapper,io.cucumber.testng.FeatureWrapper)[pri:0, instance:testRunner.DsalgoRunner@2525ff7e]" started-at="2025-05-11T10:30:52 PDT" name="runScenario" description="Runs Cucumber Scenarios" data-provider="scenarios" finished-at="2025-05-11T10:30:58 PDT" duration-ms="6412" status="PASS">
          <params>
            <param index="0">
              <value>
                <![CDATA["Verify user able be navigate to "tryEditor" page"]]>
              </value>
            </param>
            <param index="1">
              <value>
                <![CDATA["Graph feature in DSAlgo"]]>
              </value>
            </param>
          </params>
          <reporter-output>
          </reporter-output>
        </test-method> <!-- runScenario -->
        <test-method signature="runScenario(io.cucumber.testng.PickleWrapper,io.cucumber.testng.FeatureWrapper)[pri:0, instance:testRunner.DsalgoRunner@2525ff7e]" started-at="2025-05-11T10:30:59 PDT" name="runScenario" description="Runs Cucumber Scenarios" data-provider="scenarios" finished-at="2025-05-11T10:31:12 PDT" duration-ms="13927" status="PASS">
          <params>
            <param index="0">
              <value>
                <![CDATA["Verify that user is able to see output for valid python code for Graph page"]]>
              </value>
            </param>
            <param index="1">
              <value>
                <![CDATA["Graph feature in DSAlgo"]]>
              </value>
            </param>
          </params>
          <reporter-output>
          </reporter-output>
        </test-method> <!-- runScenario -->
        <test-method signature="runScenario(io.cucumber.testng.PickleWrapper,io.cucumber.testng.FeatureWrapper)[pri:0, instance:testRunner.DsalgoRunner@2525ff7e]" started-at="2025-05-11T10:31:12 PDT" name="runScenario" description="Runs Cucumber Scenarios" data-provider="scenarios" finished-at="2025-05-11T10:31:21 PDT" duration-ms="8645" status="PASS">
          <params>
            <param index="0">
              <value>
                <![CDATA["Verify that user cannot click on run button without entering code on Graph page"]]>
              </value>
            </param>
            <param index="1">
              <value>
                <![CDATA["Graph feature in DSAlgo"]]>
              </value>
            </param>
          </params>
          <reporter-output>
          </reporter-output>
        </test-method> <!-- runScenario -->
        <test-method signature="runScenario(io.cucumber.testng.PickleWrapper,io.cucumber.testng.FeatureWrapper)[pri:0, instance:testRunner.DsalgoRunner@2525ff7e]" started-at="2025-05-11T10:31:21 PDT" name="runScenario" description="Runs Cucumber Scenarios" data-provider="scenarios" finished-at="2025-05-11T10:31:31 PDT" duration-ms="9862" status="PASS">
          <params>
            <param index="0">
              <value>
                <![CDATA["Verify that user recieves error messgae on click on run button with incorrect code on Graph page"]]>
              </value>
            </param>
            <param index="1">
              <value>
                <![CDATA["Graph feature in DSAlgo"]]>
              </value>
            </param>
          </params>
          <reporter-output>
          </reporter-output>
        </test-method> <!-- runScenario -->
        <test-method signature="runScenario(io.cucumber.testng.PickleWrapper,io.cucumber.testng.FeatureWrapper)[pri:0, instance:testRunner.DsalgoRunner@2525ff7e]" started-at="2025-05-11T10:31:31 PDT" name="runScenario" description="Runs Cucumber Scenarios" data-provider="scenarios" finished-at="2025-05-11T10:31:40 PDT" duration-ms="9216" status="PASS">
          <params>
            <param index="0">
              <value>
                <![CDATA["Verify that user canot perform any operations without clicking ok button on alert window on Graph page"]]>
              </value>
            </param>
            <param index="1">
              <value>
                <![CDATA["Graph feature in DSAlgo"]]>
              </value>
            </param>
          </params>
          <reporter-output>
          </reporter-output>
        </test-method> <!-- runScenario -->
        <test-method signature="runScenario(io.cucumber.testng.PickleWrapper,io.cucumber.testng.FeatureWrapper)[pri:0, instance:testRunner.DsalgoRunner@2525ff7e]" started-at="2025-05-11T10:31:40 PDT" name="runScenario" description="Runs Cucumber Scenarios" data-provider="scenarios" finished-at="2025-05-11T10:31:46 PDT" duration-ms="5529" status="PASS">
          <params>
            <param index="0">
              <value>
                <![CDATA["Verify that user is able to navigate to "GraphReprasentions" page"]]>
              </value>
            </param>
            <param index="1">
              <value>
                <![CDATA["Graph feature in DSAlgo"]]>
              </value>
            </param>
          </params>
          <reporter-output>
          </reporter-output>
        </test-method> <!-- runScenario -->
        <test-method signature="runScenario(io.cucumber.testng.PickleWrapper,io.cucumber.testng.FeatureWrapper)[pri:0, instance:testRunner.DsalgoRunner@2525ff7e]" started-at="2025-05-11T10:31:46 PDT" name="runScenario" description="Runs Cucumber Scenarios" data-provider="scenarios" finished-at="2025-05-11T10:31:54 PDT" duration-ms="7982" status="PASS">
          <params>
            <param index="0">
              <value>
                <![CDATA["Verify user able be navigate to "tryEditor" page"]]>
              </value>
            </param>
            <param index="1">
              <value>
                <![CDATA["Graph feature in DSAlgo"]]>
              </value>
            </param>
          </params>
          <reporter-output>
          </reporter-output>
        </test-method> <!-- runScenario -->
        <test-method signature="runScenario(io.cucumber.testng.PickleWrapper,io.cucumber.testng.FeatureWrapper)[pri:0, instance:testRunner.DsalgoRunner@2525ff7e]" started-at="2025-05-11T10:31:54 PDT" name="runScenario" description="Runs Cucumber Scenarios" data-provider="scenarios" finished-at="2025-05-11T10:32:09 PDT" duration-ms="15214" status="PASS">
          <params>
            <param index="0">
              <value>
                <![CDATA["Verify that user is able to see output for valid python code for Graph page"]]>
              </value>
            </param>
            <param index="1">
              <value>
                <![CDATA["Graph feature in DSAlgo"]]>
              </value>
            </param>
          </params>
          <reporter-output>
          </reporter-output>
        </test-method> <!-- runScenario -->
        <test-method signature="runScenario(io.cucumber.testng.PickleWrapper,io.cucumber.testng.FeatureWrapper)[pri:0, instance:testRunner.DsalgoRunner@2525ff7e]" started-at="2025-05-11T10:32:09 PDT" name="runScenario" description="Runs Cucumber Scenarios" data-provider="scenarios" finished-at="2025-05-11T10:32:19 PDT" duration-ms="10110" status="PASS">
          <params>
            <param index="0">
              <value>
                <![CDATA["Verify that user cannot click on run button without entering code on GraphReprasentions page"]]>
              </value>
            </param>
            <param index="1">
              <value>
                <![CDATA["Graph feature in DSAlgo"]]>
              </value>
            </param>
          </params>
          <reporter-output>
          </reporter-output>
        </test-method> <!-- runScenario -->
        <test-method signature="runScenario(io.cucumber.testng.PickleWrapper,io.cucumber.testng.FeatureWrapper)[pri:0, instance:testRunner.DsalgoRunner@2525ff7e]" started-at="2025-05-11T10:32:19 PDT" name="runScenario" description="Runs Cucumber Scenarios" data-provider="scenarios" finished-at="2025-05-11T10:32:26 PDT" duration-ms="6864" status="PASS">
          <params>
            <param index="0">
              <value>
                <![CDATA["Verify that user recieves error messgae on click on run button with incorrect code on GraphReprasentions page"]]>
              </value>
            </param>
            <param index="1">
              <value>
                <![CDATA["Graph feature in DSAlgo"]]>
              </value>
            </param>
          </params>
          <reporter-output>
          </reporter-output>
        </test-method> <!-- runScenario -->
        <test-method signature="runScenario(io.cucumber.testng.PickleWrapper,io.cucumber.testng.FeatureWrapper)[pri:0, instance:testRunner.DsalgoRunner@2525ff7e]" started-at="2025-05-11T10:32:26 PDT" name="runScenario" description="Runs Cucumber Scenarios" data-provider="scenarios" finished-at="2025-05-11T10:32:33 PDT" duration-ms="7251" status="PASS">
          <params>
            <param index="0">
              <value>
                <![CDATA["Verify that user canot perform any operations without clicking ok button on alert window on GraphReprasentions page"]]>
              </value>
            </param>
            <param index="1">
              <value>
                <![CDATA["Graph feature in DSAlgo"]]>
              </value>
            </param>
          </params>
          <reporter-output>
          </reporter-output>
        </test-method> <!-- runScenario -->
        <test-method signature="runScenario(io.cucumber.testng.PickleWrapper,io.cucumber.testng.FeatureWrapper)[pri:0, instance:testRunner.DsalgoRunner@2525ff7e]" started-at="2025-05-11T10:32:33 PDT" name="runScenario" description="Runs Cucumber Scenarios" data-provider="scenarios" finished-at="2025-05-11T10:32:39 PDT" duration-ms="5710" status="PASS">
          <params>
            <param index="0">
              <value>
                <![CDATA["Verify user is able to navigate to Graph page and click on "Practice" Questions"]]>
              </value>
            </param>
            <param index="1">
              <value>
                <![CDATA["Graph feature in DSAlgo"]]>
              </value>
            </param>
          </params>
          <reporter-output>
          </reporter-output>
        </test-method> <!-- runScenario -->
        <test-method signature="runScenario(io.cucumber.testng.PickleWrapper,io.cucumber.testng.FeatureWrapper)[pri:0, instance:testRunner.DsalgoRunner@2525ff7e]" started-at="2025-05-11T10:32:39 PDT" name="runScenario" description="Runs Cucumber Scenarios" data-provider="scenarios" finished-at="2025-05-11T10:32:45 PDT" duration-ms="6033" status="PASS">
          <params>
            <param index="0">
              <value>
                <![CDATA["Verify if user is able to navigate to Home page on clicking SignOut link"]]>
              </value>
            </param>
            <param index="1">
              <value>
                <![CDATA["Graph feature in DSAlgo"]]>
              </value>
            </param>
          </params>
          <reporter-output>
          </reporter-output>
        </test-method> <!-- runScenario -->
        <test-method signature="runScenario(io.cucumber.testng.PickleWrapper,io.cucumber.testng.FeatureWrapper)[pri:0, instance:testRunner.DsalgoRunner@2525ff7e]" started-at="2025-05-11T10:32:45 PDT" name="runScenario" description="Runs Cucumber Scenarios" data-provider="scenarios" finished-at="2025-05-11T10:32:48 PDT" duration-ms="3533" status="PASS">
          <params>
            <param index="0">
              <value>
                <![CDATA["User launch home page of an dsalgo project"]]>
              </value>
            </param>
            <param index="1">
              <value>
                <![CDATA["DS Algo Home Page"]]>
              </value>
            </param>
          </params>
          <reporter-output>
          </reporter-output>
        </test-method> <!-- runScenario -->
        <test-method signature="runScenario(io.cucumber.testng.PickleWrapper,io.cucumber.testng.FeatureWrapper)[pri:0, instance:testRunner.DsalgoRunner@2525ff7e]" started-at="2025-05-11T10:32:48 PDT" name="runScenario" description="Runs Cucumber Scenarios" data-provider="scenarios" finished-at="2025-05-11T10:32:52 PDT" duration-ms="3216" status="PASS">
          <params>
            <param index="0">
              <value>
                <![CDATA["User is on Home page and click getstarted link "Data Structures" on home page without sign in"]]>
              </value>
            </param>
            <param index="1">
              <value>
                <![CDATA["DS Algo Home Page"]]>
              </value>
            </param>
          </params>
          <reporter-output>
          </reporter-output>
        </test-method> <!-- runScenario -->
        <test-method signature="runScenario(io.cucumber.testng.PickleWrapper,io.cucumber.testng.FeatureWrapper)[pri:0, instance:testRunner.DsalgoRunner@2525ff7e]" started-at="2025-05-11T10:32:52 PDT" name="runScenario" description="Runs Cucumber Scenarios" data-provider="scenarios" finished-at="2025-05-11T10:32:55 PDT" duration-ms="3229" status="PASS">
          <params>
            <param index="0">
              <value>
                <![CDATA["User is on Home page and click getstarted link "Arrays" on home page without sign in"]]>
              </value>
            </param>
            <param index="1">
              <value>
                <![CDATA["DS Algo Home Page"]]>
              </value>
            </param>
          </params>
          <reporter-output>
          </reporter-output>
        </test-method> <!-- runScenario -->
        <test-method signature="runScenario(io.cucumber.testng.PickleWrapper,io.cucumber.testng.FeatureWrapper)[pri:0, instance:testRunner.DsalgoRunner@2525ff7e]" started-at="2025-05-11T10:32:55 PDT" name="runScenario" description="Runs Cucumber Scenarios" data-provider="scenarios" finished-at="2025-05-11T10:32:58 PDT" duration-ms="3067" status="PASS">
          <params>
            <param index="0">
              <value>
                <![CDATA["User is on Home page and click getstarted link "Linked List" on home page without sign in"]]>
              </value>
            </param>
            <param index="1">
              <value>
                <![CDATA["DS Algo Home Page"]]>
              </value>
            </param>
          </params>
          <reporter-output>
          </reporter-output>
        </test-method> <!-- runScenario -->
        <test-method signature="runScenario(io.cucumber.testng.PickleWrapper,io.cucumber.testng.FeatureWrapper)[pri:0, instance:testRunner.DsalgoRunner@2525ff7e]" started-at="2025-05-11T10:32:58 PDT" name="runScenario" description="Runs Cucumber Scenarios" data-provider="scenarios" finished-at="2025-05-11T10:33:01 PDT" duration-ms="3034" status="PASS">
          <params>
            <param index="0">
              <value>
                <![CDATA["User is on Home page and click getstarted link "Stack" on home page without sign in"]]>
              </value>
            </param>
            <param index="1">
              <value>
                <![CDATA["DS Algo Home Page"]]>
              </value>
            </param>
          </params>
          <reporter-output>
          </reporter-output>
        </test-method> <!-- runScenario -->
        <test-method signature="runScenario(io.cucumber.testng.PickleWrapper,io.cucumber.testng.FeatureWrapper)[pri:0, instance:testRunner.DsalgoRunner@2525ff7e]" started-at="2025-05-11T10:33:01 PDT" name="runScenario" description="Runs Cucumber Scenarios" data-provider="scenarios" finished-at="2025-05-11T10:33:04 PDT" duration-ms="3288" status="PASS">
          <params>
            <param index="0">
              <value>
                <![CDATA["User is on Home page and click getstarted link "Queue" on home page without sign in"]]>
              </value>
            </param>
            <param index="1">
              <value>
                <![CDATA["DS Algo Home Page"]]>
              </value>
            </param>
          </params>
          <reporter-output>
          </reporter-output>
        </test-method> <!-- runScenario -->
        <test-method signature="runScenario(io.cucumber.testng.PickleWrapper,io.cucumber.testng.FeatureWrapper)[pri:0, instance:testRunner.DsalgoRunner@2525ff7e]" started-at="2025-05-11T10:33:04 PDT" name="runScenario" description="Runs Cucumber Scenarios" data-provider="scenarios" finished-at="2025-05-11T10:33:07 PDT" duration-ms="3063" status="PASS">
          <params>
            <param index="0">
              <value>
                <![CDATA["User is on Home page and click getstarted link "Tree" on home page without sign in"]]>
              </value>
            </param>
            <param index="1">
              <value>
                <![CDATA["DS Algo Home Page"]]>
              </value>
            </param>
          </params>
          <reporter-output>
          </reporter-output>
        </test-method> <!-- runScenario -->
        <test-method signature="runScenario(io.cucumber.testng.PickleWrapper,io.cucumber.testng.FeatureWrapper)[pri:0, instance:testRunner.DsalgoRunner@2525ff7e]" started-at="2025-05-11T10:33:07 PDT" name="runScenario" description="Runs Cucumber Scenarios" data-provider="scenarios" finished-at="2025-05-11T10:33:10 PDT" duration-ms="3168" status="PASS">
          <params>
            <param index="0">
              <value>
                <![CDATA["User is on Home page and click getstarted link "Graph" on home page without sign in"]]>
              </value>
            </param>
            <param index="1">
              <value>
                <![CDATA["DS Algo Home Page"]]>
              </value>
            </param>
          </params>
          <reporter-output>
          </reporter-output>
        </test-method> <!-- runScenario -->
        <test-method signature="runScenario(io.cucumber.testng.PickleWrapper,io.cucumber.testng.FeatureWrapper)[pri:0, instance:testRunner.DsalgoRunner@2525ff7e]" started-at="2025-05-11T10:33:10 PDT" name="runScenario" description="Runs Cucumber Scenarios" data-provider="scenarios" finished-at="2025-05-11T10:33:14 PDT" duration-ms="3406" status="PASS">
          <params>
            <param index="0">
              <value>
                <![CDATA["User is on Home page and click on dropdown "Arrays" without sign in"]]>
              </value>
            </param>
            <param index="1">
              <value>
                <![CDATA["DS Algo Home Page"]]>
              </value>
            </param>
          </params>
          <reporter-output>
          </reporter-output>
        </test-method> <!-- runScenario -->
        <test-method signature="runScenario(io.cucumber.testng.PickleWrapper,io.cucumber.testng.FeatureWrapper)[pri:0, instance:testRunner.DsalgoRunner@2525ff7e]" started-at="2025-05-11T10:33:14 PDT" name="runScenario" description="Runs Cucumber Scenarios" data-provider="scenarios" finished-at="2025-05-11T10:33:17 PDT" duration-ms="3585" status="PASS">
          <params>
            <param index="0">
              <value>
                <![CDATA["User is on Home page and click on dropdown "Linked List" without sign in"]]>
              </value>
            </param>
            <param index="1">
              <value>
                <![CDATA["DS Algo Home Page"]]>
              </value>
            </param>
          </params>
          <reporter-output>
          </reporter-output>
        </test-method> <!-- runScenario -->
        <test-method signature="runScenario(io.cucumber.testng.PickleWrapper,io.cucumber.testng.FeatureWrapper)[pri:0, instance:testRunner.DsalgoRunner@2525ff7e]" started-at="2025-05-11T10:33:17 PDT" name="runScenario" description="Runs Cucumber Scenarios" data-provider="scenarios" finished-at="2025-05-11T10:33:21 PDT" duration-ms="3647" status="PASS">
          <params>
            <param index="0">
              <value>
                <![CDATA["User is on Home page and click on dropdown "Stack" without sign in"]]>
              </value>
            </param>
            <param index="1">
              <value>
                <![CDATA["DS Algo Home Page"]]>
              </value>
            </param>
          </params>
          <reporter-output>
          </reporter-output>
        </test-method> <!-- runScenario -->
        <test-method signature="runScenario(io.cucumber.testng.PickleWrapper,io.cucumber.testng.FeatureWrapper)[pri:0, instance:testRunner.DsalgoRunner@2525ff7e]" started-at="2025-05-11T10:33:21 PDT" name="runScenario" description="Runs Cucumber Scenarios" data-provider="scenarios" finished-at="2025-05-11T10:33:25 PDT" duration-ms="3664" status="PASS">
          <params>
            <param index="0">
              <value>
                <![CDATA["User is on Home page and click on dropdown "Queue" without sign in"]]>
              </value>
            </param>
            <param index="1">
              <value>
                <![CDATA["DS Algo Home Page"]]>
              </value>
            </param>
          </params>
          <reporter-output>
          </reporter-output>
        </test-method> <!-- runScenario -->
        <test-method signature="runScenario(io.cucumber.testng.PickleWrapper,io.cucumber.testng.FeatureWrapper)[pri:0, instance:testRunner.DsalgoRunner@2525ff7e]" started-at="2025-05-11T10:33:25 PDT" name="runScenario" description="Runs Cucumber Scenarios" data-provider="scenarios" finished-at="2025-05-11T10:33:28 PDT" duration-ms="3341" status="PASS">
          <params>
            <param index="0">
              <value>
                <![CDATA["User is on Home page and click on dropdown "Tree" without sign in"]]>
              </value>
            </param>
            <param index="1">
              <value>
                <![CDATA["DS Algo Home Page"]]>
              </value>
            </param>
          </params>
          <reporter-output>
          </reporter-output>
        </test-method> <!-- runScenario -->
        <test-method signature="runScenario(io.cucumber.testng.PickleWrapper,io.cucumber.testng.FeatureWrapper)[pri:0, instance:testRunner.DsalgoRunner@2525ff7e]" started-at="2025-05-11T10:33:28 PDT" name="runScenario" description="Runs Cucumber Scenarios" data-provider="scenarios" finished-at="2025-05-11T10:33:32 PDT" duration-ms="3418" status="PASS">
          <params>
            <param index="0">
              <value>
                <![CDATA["User is on Home page and click on dropdown "Graph" without sign in"]]>
              </value>
            </param>
            <param index="1">
              <value>
                <![CDATA["DS Algo Home Page"]]>
              </value>
            </param>
          </params>
          <reporter-output>
          </reporter-output>
        </test-method> <!-- runScenario -->
        <test-method signature="runScenario(io.cucumber.testng.PickleWrapper,io.cucumber.testng.FeatureWrapper)[pri:0, instance:testRunner.DsalgoRunner@2525ff7e]" started-at="2025-05-11T10:33:32 PDT" name="runScenario" description="Runs Cucumber Scenarios" data-provider="scenarios" finished-at="2025-05-11T10:33:36 PDT" duration-ms="4712" status="PASS">
          <params>
            <param index="0">
              <value>
                <![CDATA["User is on Home page and click getstarted link "Data Structures" on home after sign in"]]>
              </value>
            </param>
            <param index="1">
              <value>
                <![CDATA["DS Algo Home Page"]]>
              </value>
            </param>
          </params>
          <reporter-output>
          </reporter-output>
        </test-method> <!-- runScenario -->
        <test-method signature="runScenario(io.cucumber.testng.PickleWrapper,io.cucumber.testng.FeatureWrapper)[pri:0, instance:testRunner.DsalgoRunner@2525ff7e]" started-at="2025-05-11T10:33:36 PDT" name="runScenario" description="Runs Cucumber Scenarios" data-provider="scenarios" finished-at="2025-05-11T10:33:41 PDT" duration-ms="4350" status="PASS">
          <params>
            <param index="0">
              <value>
                <![CDATA["User is on Home page and click getstarted link "Arrays" on home after sign in"]]>
              </value>
            </param>
            <param index="1">
              <value>
                <![CDATA["DS Algo Home Page"]]>
              </value>
            </param>
          </params>
          <reporter-output>
          </reporter-output>
        </test-method> <!-- runScenario -->
        <test-method signature="runScenario(io.cucumber.testng.PickleWrapper,io.cucumber.testng.FeatureWrapper)[pri:0, instance:testRunner.DsalgoRunner@2525ff7e]" started-at="2025-05-11T10:33:41 PDT" name="runScenario" description="Runs Cucumber Scenarios" data-provider="scenarios" finished-at="2025-05-11T10:33:45 PDT" duration-ms="4421" status="PASS">
          <params>
            <param index="0">
              <value>
                <![CDATA["User is on Home page and click getstarted link "Linked List" on home after sign in"]]>
              </value>
            </param>
            <param index="1">
              <value>
                <![CDATA["DS Algo Home Page"]]>
              </value>
            </param>
          </params>
          <reporter-output>
          </reporter-output>
        </test-method> <!-- runScenario -->
        <test-method signature="runScenario(io.cucumber.testng.PickleWrapper,io.cucumber.testng.FeatureWrapper)[pri:0, instance:testRunner.DsalgoRunner@2525ff7e]" started-at="2025-05-11T10:33:45 PDT" name="runScenario" description="Runs Cucumber Scenarios" data-provider="scenarios" finished-at="2025-05-11T10:33:50 PDT" duration-ms="4715" status="PASS">
          <params>
            <param index="0">
              <value>
                <![CDATA["User is on Home page and click getstarted link "Stack" on home after sign in"]]>
              </value>
            </param>
            <param index="1">
              <value>
                <![CDATA["DS Algo Home Page"]]>
              </value>
            </param>
          </params>
          <reporter-output>
          </reporter-output>
        </test-method> <!-- runScenario -->
        <test-method signature="runScenario(io.cucumber.testng.PickleWrapper,io.cucumber.testng.FeatureWrapper)[pri:0, instance:testRunner.DsalgoRunner@2525ff7e]" started-at="2025-05-11T10:33:50 PDT" name="runScenario" description="Runs Cucumber Scenarios" data-provider="scenarios" finished-at="2025-05-11T10:33:55 PDT" duration-ms="4887" status="PASS">
          <params>
            <param index="0">
              <value>
                <![CDATA["User is on Home page and click getstarted link "Queue" on home after sign in"]]>
              </value>
            </param>
            <param index="1">
              <value>
                <![CDATA["DS Algo Home Page"]]>
              </value>
            </param>
          </params>
          <reporter-output>
          </reporter-output>
        </test-method> <!-- runScenario -->
[...]
            <param index="1">
              <value>
                <![CDATA["To test Tree functionality"]]>
              </value>
            </param>
          </params>
          <reporter-output>
          </reporter-output>
        </test-method> <!-- runScenario -->
        <test-method signature="runScenario(io.cucumber.testng.PickleWrapper,io.cucumber.testng.FeatureWrapper)[pri:0, instance:testRunner.DsalgoRunner@2525ff7e]" started-at="2025-05-11T10:43:44 PDT" name="runScenario" description="Runs Cucumber Scenarios" data-provider="scenarios" finished-at="2025-05-11T10:43:49 PDT" duration-ms="5258" status="PASS">
          <params>
            <param index="0">
              <value>
                <![CDATA["Verify that user is able to navigate to all the links in tree page"]]>
              </value>
            </param>
            <param index="1">
              <value>
                <![CDATA["To test Tree functionality"]]>
              </value>
            </param>
          </params>
          <reporter-output>
          </reporter-output>
        </test-method> <!-- runScenario -->
        <test-method signature="runScenario(io.cucumber.testng.PickleWrapper,io.cucumber.testng.FeatureWrapper)[pri:0, instance:testRunner.DsalgoRunner@2525ff7e]" started-at="2025-05-11T10:43:49 PDT" name="runScenario" description="Runs Cucumber Scenarios" data-provider="scenarios" finished-at="2025-05-11T10:43:55 PDT" duration-ms="5677" status="PASS">
          <params>
            <param index="0">
              <value>
                <![CDATA["Verify that user is able to navigate to all the links in tree page"]]>
              </value>
            </param>
            <param index="1">
              <value>
                <![CDATA["To test Tree functionality"]]>
              </value>
            </param>
          </params>
          <reporter-output>
          </reporter-output>
        </test-method> <!-- runScenario -->
        <test-method signature="runScenario(io.cucumber.testng.PickleWrapper,io.cucumber.testng.FeatureWrapper)[pri:0, instance:testRunner.DsalgoRunner@2525ff7e]" started-at="2025-05-11T10:43:55 PDT" name="runScenario" description="Runs Cucumber Scenarios" data-provider="scenarios" finished-at="2025-05-11T10:44:00 PDT" duration-ms="5079" status="PASS">
          <params>
            <param index="0">
              <value>
                <![CDATA["Verify that user is able to navigate to all the links in tree page"]]>
              </value>
            </param>
            <param index="1">
              <value>
                <![CDATA["To test Tree functionality"]]>
              </value>
            </param>
          </params>
          <reporter-output>
          </reporter-output>
        </test-method> <!-- runScenario -->
        <test-method signature="runScenario(io.cucumber.testng.PickleWrapper,io.cucumber.testng.FeatureWrapper)[pri:0, instance:testRunner.DsalgoRunner@2525ff7e]" started-at="2025-05-11T10:44:00 PDT" name="runScenario" description="Runs Cucumber Scenarios" data-provider="scenarios" finished-at="2025-05-11T10:44:06 PDT" duration-ms="6528" status="PASS">
          <params>
            <param index="0">
              <value>
                <![CDATA["Verify that user is able to navigate to Practice page"]]>
              </value>
            </param>
            <param index="1">
              <value>
                <![CDATA["To test Tree functionality"]]>
              </value>
            </param>
          </params>
          <reporter-output>
          </reporter-output>
        </test-method> <!-- runScenario -->
        <test-method signature="runScenario(io.cucumber.testng.PickleWrapper,io.cucumber.testng.FeatureWrapper)[pri:0, instance:testRunner.DsalgoRunner@2525ff7e]" started-at="2025-05-11T10:44:06 PDT" name="runScenario" description="Runs Cucumber Scenarios" data-provider="scenarios" finished-at="2025-05-11T10:44:16 PDT" duration-ms="9821" status="PASS">
          <params>
            <param index="0">
              <value>
                <![CDATA["Verify Try here button on each page fo Tree page links"]]>
              </value>
            </param>
            <param index="1">
              <value>
                <![CDATA["To test Tree functionality"]]>
              </value>
            </param>
          </params>
          <reporter-output>
          </reporter-output>
        </test-method> <!-- runScenario -->
        <test-method signature="runScenario(io.cucumber.testng.PickleWrapper,io.cucumber.testng.FeatureWrapper)[pri:0, instance:testRunner.DsalgoRunner@2525ff7e]" started-at="2025-05-11T10:44:16 PDT" name="runScenario" description="Runs Cucumber Scenarios" data-provider="scenarios" finished-at="2025-05-11T10:44:26 PDT" duration-ms="9485" status="PASS">
          <params>
            <param index="0">
              <value>
                <![CDATA["Verify Try here button on each page fo Tree page links"]]>
              </value>
            </param>
            <param index="1">
              <value>
                <![CDATA["To test Tree functionality"]]>
              </value>
            </param>
          </params>
          <reporter-output>
          </reporter-output>
        </test-method> <!-- runScenario -->
        <test-method signature="runScenario(io.cucumber.testng.PickleWrapper,io.cucumber.testng.FeatureWrapper)[pri:0, instance:testRunner.DsalgoRunner@2525ff7e]" started-at="2025-05-11T10:44:26 PDT" name="runScenario" description="Runs Cucumber Scenarios" data-provider="scenarios" finished-at="2025-05-11T10:44:33 PDT" duration-ms="7239" status="PASS">
          <params>
            <param index="0">
              <value>
                <![CDATA["Verify Try here button on each page fo Tree page links"]]>
              </value>
            </param>
            <param index="1">
              <value>
                <![CDATA["To test Tree functionality"]]>
              </value>
            </param>
          </params>
          <reporter-output>
          </reporter-output>
        </test-method> <!-- runScenario -->
        <test-method signature="runScenario(io.cucumber.testng.PickleWrapper,io.cucumber.testng.FeatureWrapper)[pri:0, instance:testRunner.DsalgoRunner@2525ff7e]" started-at="2025-05-11T10:44:33 PDT" name="runScenario" description="Runs Cucumber Scenarios" data-provider="scenarios" finished-at="2025-05-11T10:44:40 PDT" duration-ms="7136" status="PASS">
          <params>
            <param index="0">
              <value>
                <![CDATA["Verify Try here button on each page fo Tree page links"]]>
              </value>
            </param>
            <param index="1">
              <value>
                <![CDATA["To test Tree functionality"]]>
              </value>
            </param>
          </params>
          <reporter-output>
          </reporter-output>
        </test-method> <!-- runScenario -->
        <test-method signature="runScenario(io.cucumber.testng.PickleWrapper,io.cucumber.testng.FeatureWrapper)[pri:0, instance:testRunner.DsalgoRunner@2525ff7e]" started-at="2025-05-11T10:44:40 PDT" name="runScenario" description="Runs Cucumber Scenarios" data-provider="scenarios" finished-at="2025-05-11T10:44:49 PDT" duration-ms="9131" status="PASS">
          <params>
            <param index="0">
              <value>
                <![CDATA["Verify Try here button on each page fo Tree page links"]]>
              </value>
            </param>
            <param index="1">
              <value>
                <![CDATA["To test Tree functionality"]]>
              </value>
            </param>
          </params>
          <reporter-output>
          </reporter-output>
        </test-method> <!-- runScenario -->
        <test-method signature="runScenario(io.cucumber.testng.PickleWrapper,io.cucumber.testng.FeatureWrapper)[pri:0, instance:testRunner.DsalgoRunner@2525ff7e]" started-at="2025-05-11T10:44:49 PDT" name="runScenario" description="Runs Cucumber Scenarios" data-provider="scenarios" finished-at="2025-05-11T10:44:57 PDT" duration-ms="7727" status="PASS">
          <params>
            <param index="0">
              <value>
                <![CDATA["Verify Try here button on each page fo Tree page links"]]>
              </value>
            </param>
            <param index="1">
              <value>
                <![CDATA["To test Tree functionality"]]>
              </value>
            </param>
          </params>
          <reporter-output>
          </reporter-output>
        </test-method> <!-- runScenario -->
        <test-method signature="runScenario(io.cucumber.testng.PickleWrapper,io.cucumber.testng.FeatureWrapper)[pri:0, instance:testRunner.DsalgoRunner@2525ff7e]" started-at="2025-05-11T10:44:57 PDT" name="runScenario" description="Runs Cucumber Scenarios" data-provider="scenarios" finished-at="2025-05-11T10:45:06 PDT" duration-ms="9303" status="PASS">
          <params>
            <param index="0">
              <value>
                <![CDATA["Verify Try here button on each page fo Tree page links"]]>
              </value>
            </param>
            <param index="1">
              <value>
                <![CDATA["To test Tree functionality"]]>
              </value>
            </param>
          </params>
          <reporter-output>
          </reporter-output>
        </test-method> <!-- runScenario -->
        <test-method signature="runScenario(io.cucumber.testng.PickleWrapper,io.cucumber.testng.FeatureWrapper)[pri:0, instance:testRunner.DsalgoRunner@2525ff7e]" started-at="2025-05-11T10:45:06 PDT" name="runScenario" description="Runs Cucumber Scenarios" data-provider="scenarios" finished-at="2025-05-11T10:45:17 PDT" duration-ms="10475" status="PASS">
          <params>
            <param index="0">
              <value>
                <![CDATA["Verify Try here button on each page fo Tree page links"]]>
              </value>
            </param>
            <param index="1">
              <value>
                <![CDATA["To test Tree functionality"]]>
              </value>
            </param>
          </params>
          <reporter-output>
          </reporter-output>
        </test-method> <!-- runScenario -->
        <test-method signature="runScenario(io.cucumber.testng.PickleWrapper,io.cucumber.testng.FeatureWrapper)[pri:0, instance:testRunner.DsalgoRunner@2525ff7e]" started-at="2025-05-11T10:45:17 PDT" name="runScenario" description="Runs Cucumber Scenarios" data-provider="scenarios" finished-at="2025-05-11T10:45:25 PDT" duration-ms="8722" status="PASS">
          <params>
            <param index="0">
              <value>
                <![CDATA["Verify Try here button on each page fo Tree page links"]]>
              </value>
            </param>
            <param index="1">
              <value>
                <![CDATA["To test Tree functionality"]]>
              </value>
            </param>
          </params>
          <reporter-output>
          </reporter-output>
        </test-method> <!-- runScenario -->
        <test-method signature="runScenario(io.cucumber.testng.PickleWrapper,io.cucumber.testng.FeatureWrapper)[pri:0, instance:testRunner.DsalgoRunner@2525ff7e]" started-at="2025-05-11T10:45:25 PDT" name="runScenario" description="Runs Cucumber Scenarios" data-provider="scenarios" finished-at="2025-05-11T10:45:34 PDT" duration-ms="8125" status="PASS">
          <params>
            <param index="0">
              <value>
                <![CDATA["Verify Try here button on each page fo Tree page links"]]>
              </value>
            </param>
            <param index="1">
              <value>
                <![CDATA["To test Tree functionality"]]>
              </value>
            </param>
          </params>
          <reporter-output>
          </reporter-output>
        </test-method> <!-- runScenario -->
        <test-method signature="runScenario(io.cucumber.testng.PickleWrapper,io.cucumber.testng.FeatureWrapper)[pri:0, instance:testRunner.DsalgoRunner@2525ff7e]" started-at="2025-05-11T10:45:34 PDT" name="runScenario" description="Runs Cucumber Scenarios" data-provider="scenarios" finished-at="2025-05-11T10:45:44 PDT" duration-ms="10231" status="PASS">
          <params>
            <param index="0">
              <value>
                <![CDATA["Verify Try here button on each page fo Tree page links"]]>
              </value>
            </param>
            <param index="1">
              <value>
                <![CDATA["To test Tree functionality"]]>
              </value>
            </param>
          </params>
          <reporter-output>
          </reporter-output>
        </test-method> <!-- runScenario -->
        <test-method signature="runScenario(io.cucumber.testng.PickleWrapper,io.cucumber.testng.FeatureWrapper)[pri:0, instance:testRunner.DsalgoRunner@2525ff7e]" started-at="2025-05-11T10:45:44 PDT" name="runScenario" description="Runs Cucumber Scenarios" data-provider="scenarios" finished-at="2025-05-11T10:45:54 PDT" duration-ms="10206" status="PASS">
          <params>
            <param index="0">
              <value>
                <![CDATA["Verify Try here button on each page fo Tree page links"]]>
              </value>
            </param>
            <param index="1">
              <value>
                <![CDATA["To test Tree functionality"]]>
              </value>
            </param>
          </params>
          <reporter-output>
          </reporter-output>
        </test-method> <!-- runScenario -->
        <test-method signature="runScenario(io.cucumber.testng.PickleWrapper,io.cucumber.testng.FeatureWrapper)[pri:0, instance:testRunner.DsalgoRunner@2525ff7e]" started-at="2025-05-11T10:45:54 PDT" name="runScenario" description="Runs Cucumber Scenarios" data-provider="scenarios" finished-at="2025-05-11T10:46:04 PDT" duration-ms="9922" status="PASS">
          <params>
            <param index="0">
              <value>
                <![CDATA["Verify Try here button on each page fo Tree page links"]]>
              </value>
            </param>
            <param index="1">
              <value>
                <![CDATA["To test Tree functionality"]]>
              </value>
            </param>
          </params>
          <reporter-output>
          </reporter-output>
        </test-method> <!-- runScenario -->
        <test-method signature="runScenario(io.cucumber.testng.PickleWrapper,io.cucumber.testng.FeatureWrapper)[pri:0, instance:testRunner.DsalgoRunner@2525ff7e]" started-at="2025-05-11T10:46:04 PDT" name="runScenario" description="Runs Cucumber Scenarios" data-provider="scenarios" finished-at="2025-05-11T10:46:13 PDT" duration-ms="9080" status="FAIL">
          <params>
            <param index="0">
              <value>
                <![CDATA["Verify that user recieves error messgae on click on run button without entering code"]]>
              </value>
            </param>
            <param index="1">
              <value>
                <![CDATA["To test Tree functionality"]]>
              </value>
            </param>
          </params>
          <exception class="java.lang.AssertionError">
            <message>
              <![CDATA[expected [true] but found [false]]]>
            </message>
            <full-stacktrace>
              <![CDATA[java.lang.AssertionError: expected [true] but found [false]
at org.testng.Assert.fail(Assert.java:111)
at org.testng.Assert.failNotEquals(Assert.java:1590)
at org.testng.Assert.assertTrue(Assert.java:57)
at org.testng.Assert.assertTrue(Assert.java:67)
at stepDefinitions.TreeSteps.user_should_see_error_message_in_alert_window(TreeSteps.java:121)
at ✽.user should see  error message in alert window(file:///C:/Users/Kruthi/dsAlgo2025/Ds-Algo2025/src/test/resources/Feature/Tree.feature:68)
]]>
            </full-stacktrace>
          </exception> <!-- java.lang.AssertionError -->
          <reporter-output>
          </reporter-output>
        </test-method> <!-- runScenario -->
        <test-method signature="runScenario(io.cucumber.testng.PickleWrapper,io.cucumber.testng.FeatureWrapper)[pri:0, instance:testRunner.DsalgoRunner@2525ff7e]" started-at="2025-05-11T10:46:13 PDT" name="runScenario" description="Runs Cucumber Scenarios" data-provider="scenarios" finished-at="2025-05-11T10:46:22 PDT" duration-ms="8452" status="PASS">
          <params>
            <param index="0">
              <value>
                <![CDATA["Verify that user recieves error messgae on click on run button with incorrect code"]]>
              </value>
            </param>
            <param index="1">
              <value>
                <![CDATA["To test Tree functionality"]]>
              </value>
            </param>
          </params>
          <reporter-output>
          </reporter-output>
        </test-method> <!-- runScenario -->
        <test-method signature="runScenario(io.cucumber.testng.PickleWrapper,io.cucumber.testng.FeatureWrapper)[pri:0, instance:testRunner.DsalgoRunner@2525ff7e]" started-at="2025-05-11T10:46:22 PDT" name="runScenario" description="Runs Cucumber Scenarios" data-provider="scenarios" finished-at="2025-05-11T10:46:31 PDT" duration-ms="9209" status="PASS">
          <params>
            <param index="0">
              <value>
                <![CDATA["Verify tryEditor with correct Python code  and click on run and output matches with expected output"]]>
              </value>
            </param>
            <param index="1">
              <value>
                <![CDATA["To test Tree functionality"]]>
              </value>
            </param>
          </params>
          <reporter-output>
          </reporter-output>
        </test-method> <!-- runScenario -->
        <test-method signature="runScenario(io.cucumber.testng.PickleWrapper,io.cucumber.testng.FeatureWrapper)[pri:0, instance:testRunner.DsalgoRunner@2525ff7e]" started-at="2025-05-11T10:46:31 PDT" name="runScenario" description="Runs Cucumber Scenarios" data-provider="scenarios" finished-at="2025-05-11T10:46:39 PDT" duration-ms="7794" status="PASS">
          <params>
            <param index="0">
              <value>
                <![CDATA["Verify that user is able to navigate to Overview of Trees page  by clicking browser back button"]]>
              </value>
            </param>
            <param index="1">
              <value>
                <![CDATA["To test Tree functionality"]]>
              </value>
            </param>
          </params>
          <reporter-output>
          </reporter-output>
        </test-method> <!-- runScenario -->
        <test-method signature="runScenario(io.cucumber.testng.PickleWrapper,io.cucumber.testng.FeatureWrapper)[pri:0, instance:testRunner.DsalgoRunner@2525ff7e]" started-at="2025-05-11T10:46:39 PDT" name="runScenario" description="Runs Cucumber Scenarios" data-provider="scenarios" finished-at="2025-05-11T10:46:47 PDT" duration-ms="8305" status="PASS">
          <params>
            <param index="0">
              <value>
                <![CDATA["Verify if user is able to navigate to Home page on clicking "SignOut " link"]]>
              </value>
            </param>
            <param index="1">
              <value>
                <![CDATA["To test Tree functionality"]]>
              </value>
            </param>
          </params>
          <reporter-output>
          </reporter-output>
        </test-method> <!-- runScenario -->
        <test-method is-config="true" signature="tearDownClass()[pri:0, instance:testRunner.DsalgoRunner@2525ff7e]" started-at="2025-05-11T10:46:47 PDT" name="tearDownClass" finished-at="2025-05-11T10:46:57 PDT" duration-ms="10225" status="PASS">
          <reporter-output>
          </reporter-output>
        </test-method> <!-- tearDownClass -->
      </class> <!-- testRunner.DsalgoRunner -->
    </test> <!-- Default test -->
  </suite> <!-- Default suite -->
</testng-results>
