<?xml version="1.0" encoding="UTF-8"?>
<testng-results ignored="0" total="1" passed="1" failed="0" skipped="0">
  <reporter-output>
  </reporter-output>
  <suite started-at="2025-04-21T15:29:25 PDT" name="Default suite" finished-at="2025-04-21T15:29:31 PDT" duration-ms="6416">
    <groups>
      <group name="cucumber">
        <method signature="AbstractTestNGCucumberTests.runScenario(io.cucumber.testng.PickleWrapper,io.cucumber.testng.FeatureWrapper)[pri:0, instance:testRunner.DsalgoRunner@2e377400]" name="runScenario" class="io.cucumber.testng.AbstractTestNGCucumberTests"/>
      </group> <!-- cucumber -->
    </groups>
    <test started-at="2025-04-21T15:29:25 PDT" name="Default test" finished-at="2025-04-21T15:29:31 PDT" duration-ms="6416">
      <class name="testRunner.DsalgoRunner">
        <test-method is-config="true" signature="setUpClass(org.testng.ITestContext)[pri:0, instance:testRunner.DsalgoRunner@2e377400]" started-at="2025-04-21T15:29:25 PDT" name="setUpClass" finished-at="2025-04-21T15:29:25 PDT" duration-ms="476" status="PASS">
          <params>
            <param index="0">
              <value>
                <![CDATA[org.testng.TestRunner@18a19e]]>
              </value>
            </param>
          </params>
          <reporter-output>
          </reporter-output>
        </test-method> <!-- setUpClass -->
        <test-method signature="runScenario(io.cucumber.testng.PickleWrapper,io.cucumber.testng.FeatureWrapper)[pri:0, instance:testRunner.DsalgoRunner@2e377400]" started-at="2025-04-21T15:29:25 PDT" name="runScenario" description="Runs Cucumber Scenarios" data-provider="scenarios" finished-at="2025-04-21T15:29:31 PDT" duration-ms="5880" status="PASS">
          <params>
            <param index="0">
              <value>
                <![CDATA["verify user clicks on login link he should be navigated to login page"]]>
              </value>
            </param>
            <param index="1">
              <value>
                <![CDATA["DS Algo Home Page"]]>
              </value>
            </param>
          </params>
          <reporter-output>
          </reporter-output>
        </test-method> <!-- runScenario -->
        <test-method is-config="true" signature="tearDownClass()[pri:0, instance:testRunner.DsalgoRunner@2e377400]" started-at="2025-04-21T15:29:31 PDT" name="tearDownClass" finished-at="2025-04-21T15:29:31 PDT" duration-ms="23" status="PASS">
          <reporter-output>
          </reporter-output>
        </test-method> <!-- tearDownClass -->
      </class> <!-- testRunner.DsalgoRunner -->
    </test> <!-- Default test -->
  </suite> <!-- Default suite -->
</testng-results>
