<?xml version="1.0" encoding="UTF-8"?>
<testng-results ignored="0" total="19" passed="16" failed="3" skipped="0">
  <reporter-output>
  </reporter-output>
  <suite started-at="2025-05-09T00:57:58 CDT" name="Default suite" finished-at="2025-05-09T00:59:45 CDT" duration-ms="107265">
    <groups>
      <group name="cucumber">
        <method signature="AbstractTestNGCucumberTests.runScenario(io.cucumber.testng.PickleWrapper,io.cucumber.testng.FeatureWrapper)[pri:0, instance:testRunner.DsalgoRunner@2525ff7e]" name="runScenario" class="io.cucumber.testng.AbstractTestNGCucumberTests"/>
      </group> <!-- cucumber -->
    </groups>
    <test started-at="2025-05-09T00:57:58 CDT" name="Default test" finished-at="2025-05-09T00:59:45 CDT" duration-ms="107265">
      <class name="testRunner.DsalgoRunner">
        <test-method is-config="true" signature="setUpClass(org.testng.ITestContext)[pri:0, instance:testRunner.DsalgoRunner@2525ff7e]" started-at="2025-05-09T00:57:58 CDT" name="setUpClass" finished-at="2025-05-09T00:58:00 CDT" duration-ms="1791" status="PASS">
          <params>
            <param index="0">
              <value>
                <![CDATA[org.testng.TestRunner@5d28ac23]]>
              </value>
            </param>
          </params>
          <reporter-output>
          </reporter-output>
        </test-method> <!-- setUpClass -->
        <test-method signature="runScenario(io.cucumber.testng.PickleWrapper,io.cucumber.testng.FeatureWrapper)[pri:0, instance:testRunner.DsalgoRunner@2525ff7e]" started-at="2025-05-09T00:58:00 CDT" name="runScenario" description="Runs Cucumber Scenarios" data-provider="scenarios" finished-at="2025-05-09T00:58:08 CDT" duration-ms="8306" status="PASS">
          <params>
            <param index="0">
              <value>
                <![CDATA["Scroll down in dropdown and select "Stack""]]>
              </value>
            </param>
            <param index="1">
              <value>
                <![CDATA["This feature file contain scenario for the Stack module"]]>
              </value>
            </param>
          </params>
          <reporter-output>
          </reporter-output>
        </test-method> <!-- runScenario -->
        <test-method signature="runScenario(io.cucumber.testng.PickleWrapper,io.cucumber.testng.FeatureWrapper)[pri:0, instance:testRunner.DsalgoRunner@2525ff7e]" started-at="2025-05-09T00:58:08 CDT" name="runScenario" description="Runs Cucumber Scenarios" data-provider="scenarios" finished-at="2025-05-09T00:58:12 CDT" duration-ms="4415" status="PASS">
          <params>
            <param index="0">
              <value>
                <![CDATA["Verify that user is able to navigate to "Operations in Stack" page"]]>
              </value>
            </param>
            <param index="1">
              <value>
                <![CDATA["This feature file contain scenario for the Stack module"]]>
              </value>
            </param>
          </params>
          <reporter-output>
          </reporter-output>
        </test-method> <!-- runScenario -->
        <test-method signature="runScenario(io.cucumber.testng.PickleWrapper,io.cucumber.testng.FeatureWrapper)[pri:0, instance:testRunner.DsalgoRunner@2525ff7e]" started-at="2025-05-09T00:58:12 CDT" name="runScenario" description="Runs Cucumber Scenarios" data-provider="scenarios" finished-at="2025-05-09T00:58:18 CDT" duration-ms="5502" status="PASS">
          <params>
            <param index="0">
              <value>
                <![CDATA["Verify that the user is able to scroll down and click Try Here button"]]>
              </value>
            </param>
            <param index="1">
              <value>
                <![CDATA["This feature file contain scenario for the Stack module"]]>
              </value>
            </param>
          </params>
          <reporter-output>
          </reporter-output>
        </test-method> <!-- runScenario -->
        <test-method signature="runScenario(io.cucumber.testng.PickleWrapper,io.cucumber.testng.FeatureWrapper)[pri:0, instance:testRunner.DsalgoRunner@2525ff7e]" started-at="2025-05-09T00:58:18 CDT" name="runScenario" description="Runs Cucumber Scenarios" data-provider="scenarios" finished-at="2025-05-09T00:58:23 CDT" duration-ms="5415" status="FAIL">
          <params>
            <param index="0">
              <value>
                <![CDATA["Verify that user receives error when click on Run button without entering code for "Operations in Stack" page"]]>
              </value>
            </param>
            <param index="1">
              <value>
                <![CDATA["This feature file contain scenario for the Stack module"]]>
              </value>
            </param>
          </params>
          <exception class="java.lang.AssertionError">
            <message>
              <![CDATA[Bug: No alert displayed when clicking Run without entering code.]]>
            </message>
            <full-stacktrace>
              <![CDATA[java.lang.AssertionError: Bug: No alert displayed when clicking Run without entering code.
at org.testng.Assert.fail(Assert.java:111)
at stepDefinitions.StackStep.the_user_is_able_to_see_an_error_message_in_alert_window(StackStep.java:137)
at ✽.The user is able to see an error message in alert window(file:///C:/Workspace/Ds-Algo2025/src/test/resources/Feature/Stack.feature:32)
]]>
            </full-stacktrace>
          </exception> <!-- java.lang.AssertionError -->
          <reporter-output>
          </reporter-output>
        </test-method> <!-- runScenario -->
        <test-method signature="runScenario(io.cucumber.testng.PickleWrapper,io.cucumber.testng.FeatureWrapper)[pri:0, instance:testRunner.DsalgoRunner@2525ff7e]" started-at="2025-05-09T00:58:23 CDT" name="runScenario" description="Runs Cucumber Scenarios" data-provider="scenarios" finished-at="2025-05-09T00:58:29 CDT" duration-ms="6001" status="PASS">
          <params>
            <param index="0">
              <value>
                <![CDATA["Verify that user receives error for invalid python code for "Operations in Stack" page"]]>
              </value>
            </param>
            <param index="1">
              <value>
                <![CDATA["This feature file contain scenario for the Stack module"]]>
              </value>
            </param>
          </params>
          <reporter-output>
          </reporter-output>
        </test-method> <!-- runScenario -->
        <test-method signature="runScenario(io.cucumber.testng.PickleWrapper,io.cucumber.testng.FeatureWrapper)[pri:0, instance:testRunner.DsalgoRunner@2525ff7e]" started-at="2025-05-09T00:58:29 CDT" name="runScenario" description="Runs Cucumber Scenarios" data-provider="scenarios" finished-at="2025-05-09T00:58:35 CDT" duration-ms="5364" status="PASS">
          <params>
            <param index="0">
              <value>
                <![CDATA["Verify that user is able to see output for valid python code for "Operations in Stack" page"]]>
              </value>
            </param>
            <param index="1">
              <value>
                <![CDATA["This feature file contain scenario for the Stack module"]]>
              </value>
            </param>
          </params>
          <reporter-output>
          </reporter-output>
        </test-method> <!-- runScenario -->
        <test-method signature="runScenario(io.cucumber.testng.PickleWrapper,io.cucumber.testng.FeatureWrapper)[pri:0, instance:testRunner.DsalgoRunner@2525ff7e]" started-at="2025-05-09T00:58:35 CDT" name="runScenario" description="Runs Cucumber Scenarios" data-provider="scenarios" finished-at="2025-05-09T00:58:39 CDT" duration-ms="4455" status="PASS">
          <params>
            <param index="0">
              <value>
                <![CDATA["Verify that user is able to navigate to "Practice Questions" Page for "Operations in Stack" page"]]>
              </value>
            </param>
            <param index="1">
              <value>
                <![CDATA["This feature file contain scenario for the Stack module"]]>
              </value>
            </param>
          </params>
          <reporter-output>
          </reporter-output>
        </test-method> <!-- runScenario -->
        <test-method signature="runScenario(io.cucumber.testng.PickleWrapper,io.cucumber.testng.FeatureWrapper)[pri:0, instance:testRunner.DsalgoRunner@2525ff7e]" started-at="2025-05-09T00:58:39 CDT" name="runScenario" description="Runs Cucumber Scenarios" data-provider="scenarios" finished-at="2025-05-09T00:58:43 CDT" duration-ms="4158" status="PASS">
          <params>
            <param index="0">
              <value>
                <![CDATA["Verify that user is able to navigate to "Implementation" page"]]>
              </value>
            </param>
            <param index="1">
              <value>
                <![CDATA["This feature file contain scenario for the Stack module"]]>
              </value>
            </param>
          </params>
          <reporter-output>
          </reporter-output>
        </test-method> <!-- runScenario -->
        <test-method signature="runScenario(io.cucumber.testng.PickleWrapper,io.cucumber.testng.FeatureWrapper)[pri:0, instance:testRunner.DsalgoRunner@2525ff7e]" started-at="2025-05-09T00:58:43 CDT" name="runScenario" description="Runs Cucumber Scenarios" data-provider="scenarios" finished-at="2025-05-09T00:58:48 CDT" duration-ms="4893" status="PASS">
          <params>
            <param index="0">
              <value>
                <![CDATA["Verify that user is able to navigate to "try Editor" page for "Implementation" page"]]>
              </value>
            </param>
            <param index="1">
              <value>
                <![CDATA["This feature file contain scenario for the Stack module"]]>
              </value>
            </param>
          </params>
          <reporter-output>
          </reporter-output>
        </test-method> <!-- runScenario -->
        <test-method signature="runScenario(io.cucumber.testng.PickleWrapper,io.cucumber.testng.FeatureWrapper)[pri:0, instance:testRunner.DsalgoRunner@2525ff7e]" started-at="2025-05-09T00:58:48 CDT" name="runScenario" description="Runs Cucumber Scenarios" data-provider="scenarios" finished-at="2025-05-09T00:58:54 CDT" duration-ms="6205" status="FAIL">
          <params>
            <param index="0">
              <value>
                <![CDATA["Verify that user receives error when click on Run button without entering code for "Implementation" page"]]>
              </value>
            </param>
            <param index="1">
              <value>
                <![CDATA["This feature file contain scenario for the Stack module"]]>
              </value>
            </param>
          </params>
          <exception class="java.lang.AssertionError">
            <message>
              <![CDATA[Bug: No alert displayed when clicking Run without entering code.]]>
            </message>
            <full-stacktrace>
              <![CDATA[java.lang.AssertionError: Bug: No alert displayed when clicking Run without entering code.
at org.testng.Assert.fail(Assert.java:111)
at stepDefinitions.StackStep.the_user_is_able_to_see_an_error_message_in_alert_window(StackStep.java:137)
at ✽.The user is able to see an error message in alert window(file:///C:/Workspace/Ds-Algo2025/src/test/resources/Feature/Stack.feature:63)
]]>
            </full-stacktrace>
          </exception> <!-- java.lang.AssertionError -->
          <reporter-output>
          </reporter-output>
        </test-method> <!-- runScenario -->
        <test-method signature="runScenario(io.cucumber.testng.PickleWrapper,io.cucumber.testng.FeatureWrapper)[pri:0, instance:testRunner.DsalgoRunner@2525ff7e]" started-at="2025-05-09T00:58:54 CDT" name="runScenario" description="Runs Cucumber Scenarios" data-provider="scenarios" finished-at="2025-05-09T00:59:00 CDT" duration-ms="5720" status="PASS">
          <params>
            <param index="0">
              <value>
                <![CDATA["Verify that user receives error for invalid python code for "Implementation" page"]]>
              </value>
            </param>
            <param index="1">
              <value>
                <![CDATA["This feature file contain scenario for the Stack module"]]>
              </value>
            </param>
          </params>
          <reporter-output>
          </reporter-output>
        </test-method> <!-- runScenario -->
        <test-method signature="runScenario(io.cucumber.testng.PickleWrapper,io.cucumber.testng.FeatureWrapper)[pri:0, instance:testRunner.DsalgoRunner@2525ff7e]" started-at="2025-05-09T00:59:00 CDT" name="runScenario" description="Runs Cucumber Scenarios" data-provider="scenarios" finished-at="2025-05-09T00:59:06 CDT" duration-ms="5771" status="PASS">
          <params>
            <param index="0">
              <value>
                <![CDATA["Verify that user is able to see output for valid python code for "Implementation" page"]]>
              </value>
            </param>
            <param index="1">
              <value>
                <![CDATA["This feature file contain scenario for the Stack module"]]>
              </value>
            </param>
          </params>
          <reporter-output>
          </reporter-output>
        </test-method> <!-- runScenario -->
        <test-method signature="runScenario(io.cucumber.testng.PickleWrapper,io.cucumber.testng.FeatureWrapper)[pri:0, instance:testRunner.DsalgoRunner@2525ff7e]" started-at="2025-05-09T00:59:06 CDT" name="runScenario" description="Runs Cucumber Scenarios" data-provider="scenarios" finished-at="2025-05-09T00:59:10 CDT" duration-ms="4482" status="PASS">
          <params>
            <param index="0">
              <value>
                <![CDATA["Verify that user is able to navigate to "Practice Questions" Page for "Implementation" page"]]>
              </value>
            </param>
            <param index="1">
              <value>
                <![CDATA["This feature file contain scenario for the Stack module"]]>
              </value>
            </param>
          </params>
          <reporter-output>
          </reporter-output>
        </test-method> <!-- runScenario -->
        <test-method signature="runScenario(io.cucumber.testng.PickleWrapper,io.cucumber.testng.FeatureWrapper)[pri:0, instance:testRunner.DsalgoRunner@2525ff7e]" started-at="2025-05-09T00:59:10 CDT" name="runScenario" description="Runs Cucumber Scenarios" data-provider="scenarios" finished-at="2025-05-09T00:59:15 CDT" duration-ms="4448" status="PASS">
          <params>
            <param index="0">
              <value>
                <![CDATA["Verify that user is able to navigate to "Application" page"]]>
              </value>
            </param>
            <param index="1">
              <value>
                <![CDATA["This feature file contain scenario for the Stack module"]]>
              </value>
            </param>
          </params>
          <reporter-output>
          </reporter-output>
        </test-method> <!-- runScenario -->
        <test-method signature="runScenario(io.cucumber.testng.PickleWrapper,io.cucumber.testng.FeatureWrapper)[pri:0, instance:testRunner.DsalgoRunner@2525ff7e]" started-at="2025-05-09T00:59:15 CDT" name="runScenario" description="Runs Cucumber Scenarios" data-provider="scenarios" finished-at="2025-05-09T00:59:20 CDT" duration-ms="5420" status="PASS">
          <params>
            <param index="0">
              <value>
                <![CDATA["Verify that user is able to navigate to "try Editor" page for "Application" page"]]>
              </value>
            </param>
            <param index="1">
              <value>
                <![CDATA["This feature file contain scenario for the Stack module"]]>
              </value>
            </param>
          </params>
          <reporter-output>
          </reporter-output>
        </test-method> <!-- runScenario -->
        <test-method signature="runScenario(io.cucumber.testng.PickleWrapper,io.cucumber.testng.FeatureWrapper)[pri:0, instance:testRunner.DsalgoRunner@2525ff7e]" started-at="2025-05-09T00:59:20 CDT" name="runScenario" description="Runs Cucumber Scenarios" data-provider="scenarios" finished-at="2025-05-09T00:59:26 CDT" duration-ms="5804" status="FAIL">
          <params>
            <param index="0">
              <value>
                <![CDATA["Verify that user receives error when click on Run button without entering code for "Application" page"]]>
              </value>
            </param>
            <param index="1">
              <value>
                <![CDATA["This feature file contain scenario for the Stack module"]]>
              </value>
            </param>
          </params>
          <exception class="java.lang.AssertionError">
            <message>
              <![CDATA[Bug: No alert displayed when clicking Run without entering code.]]>
            </message>
            <full-stacktrace>
              <![CDATA[java.lang.AssertionError: Bug: No alert displayed when clicking Run without entering code.
at org.testng.Assert.fail(Assert.java:111)
at stepDefinitions.StackStep.the_user_is_able_to_see_an_error_message_in_alert_window(StackStep.java:137)
at ✽.The user is able to see an error message in alert window(file:///C:/Workspace/Ds-Algo2025/src/test/resources/Feature/Stack.feature:94)
]]>
            </full-stacktrace>
          </exception> <!-- java.lang.AssertionError -->
          <reporter-output>
          </reporter-output>
        </test-method> <!-- runScenario -->
        <test-method signature="runScenario(io.cucumber.testng.PickleWrapper,io.cucumber.testng.FeatureWrapper)[pri:0, instance:testRunner.DsalgoRunner@2525ff7e]" started-at="2025-05-09T00:59:26 CDT" name="runScenario" description="Runs Cucumber Scenarios" data-provider="scenarios" finished-at="2025-05-09T00:59:31 CDT" duration-ms="5388" status="PASS">
          <params>
            <param index="0">
              <value>
                <![CDATA["Verify that user receives error for invalid python code for "Application" page"]]>
              </value>
            </param>
            <param index="1">
              <value>
                <![CDATA["This feature file contain scenario for the Stack module"]]>
              </value>
            </param>
          </params>
          <reporter-output>
          </reporter-output>
        </test-method> <!-- runScenario -->
        <test-method signature="runScenario(io.cucumber.testng.PickleWrapper,io.cucumber.testng.FeatureWrapper)[pri:0, instance:testRunner.DsalgoRunner@2525ff7e]" started-at="2025-05-09T00:59:31 CDT" name="runScenario" description="Runs Cucumber Scenarios" data-provider="scenarios" finished-at="2025-05-09T00:59:37 CDT" duration-ms="5518" status="PASS">
          <params>
            <param index="0">
              <value>
                <![CDATA["Verify that user is able to see output for valid python code for "Application" page"]]>
              </value>
            </param>
            <param index="1">
              <value>
                <![CDATA["This feature file contain scenario for the Stack module"]]>
              </value>
            </param>
          </params>
          <reporter-output>
          </reporter-output>
        </test-method> <!-- runScenario -->
        <test-method signature="runScenario(io.cucumber.testng.PickleWrapper,io.cucumber.testng.FeatureWrapper)[pri:0, instance:testRunner.DsalgoRunner@2525ff7e]" started-at="2025-05-09T00:59:37 CDT" name="runScenario" description="Runs Cucumber Scenarios" data-provider="scenarios" finished-at="2025-05-09T00:59:42 CDT" duration-ms="4561" status="PASS">
          <params>
            <param index="0">
              <value>
                <![CDATA["Verify that user is able to navigate to "Practice Questions" Page for "Application" page"]]>
              </value>
            </param>
            <param index="1">
              <value>
                <![CDATA["This feature file contain scenario for the Stack module"]]>
              </value>
            </param>
          </params>
          <reporter-output>
          </reporter-output>
        </test-method> <!-- runScenario -->
        <test-method is-config="true" signature="tearDownClass()[pri:0, instance:testRunner.DsalgoRunner@2525ff7e]" started-at="2025-05-09T00:59:42 CDT" name="tearDownClass" finished-at="2025-05-09T00:59:45 CDT" duration-ms="3538" status="PASS">
          <reporter-output>
          </reporter-output>
        </test-method> <!-- tearDownClass -->
      </class> <!-- testRunner.DsalgoRunner -->
    </test> <!-- Default test -->
  </suite> <!-- Default suite -->
</testng-results>
